<?xml version="1.0" encoding="UTF-8"?>
<robot generator="Robot 6.1 (Python 3.11.4 on win32)" generated="20230831 16:05:04.086" rpa="false" schemaversion="4">
<suite id="s1" name="Cadastro" source="C:\Users\eduardo.azevedo\OneDrive - Yaman Tecnologia LTDA\Documentos\Microsoft_One_DRIVE\AUTOMACAO\EDU\PYTHON\RobotFW-Appium\android\features\cadastro.robot">
<test id="s1-t1" name="CT01 - Validar pre-cadastro informando o código enviado para o e-mail" line="11">
<kw name="Open App" library="config" type="SETUP">
<kw name="Open Application" library="AppiumLibrary">
<arg>http://127.0.0.1:4723/wd/hub</arg>
<arg>platformName=android</arg>
<arg>automationName=UIAutomator2</arg>
<arg>app=${APP}</arg>
<arg>platformVersion=${PLATFORM_VERSION}</arg>
<arg>appActivity=br.com.bancobmg.bancodigital.core.activities.SplashActivity</arg>
<arg>appWaitPackage=br.com.bancobmg.bancodigital</arg>
<arg>appPackage=br.com.bancobmg.bancodigital</arg>
<arg>enableMultiWindows=${true}</arg>
<arg>disableWindowAnimation=${true}</arg>
<arg>autoGrantPermissions=${true}</arg>
<doc>Opens a new application to given Appium server.
Capabilities of appium server, Android and iOS,
Please check https://github.com/appium/appium/blob/master/docs/en/writing-running-appium/server-args.md
| *Option*            | *Man.* | *Description*     |
| remote_url          | Yes    | Appium server url |
| alias               | no     | alias             |
| strict_ssl          | No     | allows you to send commands to an invalid certificate host like a self-signed one. |</doc>
<status status="PASS" starttime="20230831 16:05:04.636" endtime="20230831 16:05:20.546"/>
</kw>
<kw name="Set Appium Timeout" library="AppiumLibrary">
<arg>${TIMEOUT}</arg>
<doc>Sets the timeout in seconds used by various keywords.</doc>
<status status="PASS" starttime="20230831 16:05:20.546" endtime="20230831 16:05:20.546"/>
</kw>
<status status="PASS" starttime="20230831 16:05:04.636" endtime="20230831 16:05:20.546"/>
</kw>
<kw name="Dado que estou na tela de cadastro do Meu BMG" library="cadastro">
<kw name="Abrir a tela de cadastro" library="hooks">
<kw name="Clicar no botao" library="hooks">
<arg>${POPUP_BTN_FECHAR}</arg>
<kw name="Wait Until Element Is Visible" library="AppiumLibrary">
<arg>${element}</arg>
<doc>Waits until element specified with `locator` is visible.</doc>
<msg timestamp="20230831 16:05:26.736" level="INFO">criteria is br.com.bancobmg.bancodigital:id/imageViewBottomSheetPermissionsAppClose
criteria is br.com.bancobmg.bancodigital:id/imageViewBottomSheetPermissionsAppClose
criteria is br.com.bancobmg.bancodigital:id/imageViewBottomSheetPermissionsAppClose
criteria is br.com.bancobmg.bancodigital:id/imageViewBottomSheetPermissionsAppClose
criteria is br.com.bancobmg.bancodigital:id/imageViewBottomSheetPermissionsAppClose
criteria is br.com.bancobmg.bancodigital:id/imageViewBottomSheetPermissionsAppClose
criteria is br.com.bancobmg.bancodigital:id/imageViewBottomSheetPermissionsAppClose
criteria is br.com.bancobmg.bancodigital:id/imageViewBottomSheetPermissionsAppClose</msg>
<status status="PASS" starttime="20230831 16:05:20.546" endtime="20230831 16:05:26.736"/>
</kw>
<kw name="Click Element" library="AppiumLibrary">
<arg>${element}</arg>
<doc>Click element identified by `locator`.</doc>
<msg timestamp="20230831 16:05:26.736" level="INFO">Clicking element 'id=br.com.bancobmg.bancodigital:id/imageViewBottomSheetPermissionsAppClose'.</msg>
<msg timestamp="20230831 16:05:28.546" level="INFO">criteria is br.com.bancobmg.bancodigital:id/imageViewBottomSheetPermissionsAppClose</msg>
<status status="PASS" starttime="20230831 16:05:26.736" endtime="20230831 16:05:28.546"/>
</kw>
<status status="PASS" starttime="20230831 16:05:20.546" endtime="20230831 16:05:28.546"/>
</kw>
<kw name="Clicar no botao" library="hooks">
<arg>${ABRIR_CONTA_BTN}</arg>
<kw name="Wait Until Element Is Visible" library="AppiumLibrary">
<arg>${element}</arg>
<doc>Waits until element specified with `locator` is visible.</doc>
<msg timestamp="20230831 16:05:29.134" level="INFO">criteria is br.com.bancobmg.bancodigital:id/button_fragment_logar_abra_sua_conta</msg>
<status status="PASS" starttime="20230831 16:05:28.546" endtime="20230831 16:05:29.134"/>
</kw>
<kw name="Click Element" library="AppiumLibrary">
<arg>${element}</arg>
<doc>Click element identified by `locator`.</doc>
<msg timestamp="20230831 16:05:29.134" level="INFO">Clicking element 'id=br.com.bancobmg.bancodigital:id/button_fragment_logar_abra_sua_conta'.</msg>
<msg timestamp="20230831 16:05:29.292" level="INFO">criteria is br.com.bancobmg.bancodigital:id/button_fragment_logar_abra_sua_conta</msg>
<status status="PASS" starttime="20230831 16:05:29.134" endtime="20230831 16:05:29.292"/>
</kw>
<status status="PASS" starttime="20230831 16:05:28.546" endtime="20230831 16:05:29.292"/>
</kw>
<status status="PASS" starttime="20230831 16:05:20.546" endtime="20230831 16:05:29.292"/>
</kw>
<status status="PASS" starttime="20230831 16:05:20.546" endtime="20230831 16:05:29.292"/>
</kw>
<kw name="Quando informo o e-mail para o pre-cadastro da conta" library="cadastro">
<kw name="Iniciar cadastro" library="hooks">
<arg>275.682.798-39</arg>
<arg>eduardobnh@gmail.com</arg>
<kw name="Inserir texto" library="hooks">
<arg>${cadastro_INPUT_CPF_CNPJ}</arg>
<arg>${cpf}</arg>
<kw name="Wait Until Element Is Visible" library="AppiumLibrary">
<arg>${element}</arg>
<doc>Waits until element specified with `locator` is visible.</doc>
<msg timestamp="20230831 16:05:35.768" level="INFO">criteria is br.com.bancobmg.bancodigital:id/cpf_value_edittext
criteria is br.com.bancobmg.bancodigital:id/cpf_value_edittext
criteria is br.com.bancobmg.bancodigital:id/cpf_value_edittext
criteria is br.com.bancobmg.bancodigital:id/cpf_value_edittext
criteria is br.com.bancobmg.bancodigital:id/cpf_value_edittext
criteria is br.com.bancobmg.bancodigital:id/cpf_value_edittext
criteria is br.com.bancobmg.bancodigital:id/cpf_value_edittext
criteria is br.com.bancobmg.bancodigital:id/cpf_value_edittext
criteria is br.com.bancobmg.bancodigital:id/cpf_value_edittext
criteria is br.com.bancobmg.bancodigital:id/cpf_value_edittext
criteria is br.com.bancobmg.bancodigital:id/cpf_value_edittext
criteria is br.com.bancobmg.bancodigital:id/cpf_value_edittext
criteria is br.com.bancobmg.bancodigital:id/cpf_value_edittext
criteria is br.com.bancobmg.bancodigital:id/cpf_value_edittext</msg>
<status status="PASS" starttime="20230831 16:05:29.292" endtime="20230831 16:05:35.768"/>
</kw>
<kw name="Input Text" library="AppiumLibrary">
<arg>${element}</arg>
<arg>${texto}</arg>
<doc>Types the given `text` into text field identified by `locator`.</doc>
<msg timestamp="20230831 16:05:35.768" level="INFO">Typing text '275.682.798-39' into text field 'id=br.com.bancobmg.bancodigital:id/cpf_value_edittext'</msg>
<msg timestamp="20230831 16:05:36.350" level="INFO">criteria is br.com.bancobmg.bancodigital:id/cpf_value_edittext</msg>
<status status="PASS" starttime="20230831 16:05:35.768" endtime="20230831 16:05:36.350"/>
</kw>
<status status="PASS" starttime="20230831 16:05:29.292" endtime="20230831 16:05:36.350"/>
</kw>
<kw name="Clicar no botao" library="hooks">
<arg>${BOTAO_CONTINUAR}</arg>
<kw name="Wait Until Element Is Visible" library="AppiumLibrary">
<arg>${element}</arg>
<doc>Waits until element specified with `locator` is visible.</doc>
<msg timestamp="20230831 16:05:37.053" level="INFO">criteria is br.com.bancobmg.bancodigital:id/continuar_button</msg>
<status status="PASS" starttime="20230831 16:05:36.350" endtime="20230831 16:05:37.053"/>
</kw>
<kw name="Click Element" library="AppiumLibrary">
<arg>${element}</arg>
<doc>Click element identified by `locator`.</doc>
<msg timestamp="20230831 16:05:37.053" level="INFO">Clicking element 'id=br.com.bancobmg.bancodigital:id/continuar_button'.</msg>
<msg timestamp="20230831 16:05:37.602" level="INFO">criteria is br.com.bancobmg.bancodigital:id/continuar_button</msg>
<status status="PASS" starttime="20230831 16:05:37.053" endtime="20230831 16:05:37.602"/>
</kw>
<status status="PASS" starttime="20230831 16:05:36.350" endtime="20230831 16:05:37.602"/>
</kw>
<kw name="Inserir texto" library="hooks">
<arg>${INPUT_EMAIL}</arg>
<arg>${email}</arg>
<kw name="Wait Until Element Is Visible" library="AppiumLibrary">
<arg>${element}</arg>
<doc>Waits until element specified with `locator` is visible.</doc>
<msg timestamp="20230831 16:05:40.912" level="INFO">criteria is br.com.bancobmg.bancodigital:id/email_value_edittext
criteria is br.com.bancobmg.bancodigital:id/email_value_edittext
criteria is br.com.bancobmg.bancodigital:id/email_value_edittext</msg>
<status status="PASS" starttime="20230831 16:05:37.602" endtime="20230831 16:05:40.912"/>
</kw>
<kw name="Input Text" library="AppiumLibrary">
<arg>${element}</arg>
<arg>${texto}</arg>
<doc>Types the given `text` into text field identified by `locator`.</doc>
<msg timestamp="20230831 16:05:40.912" level="INFO">Typing text 'eduardobnh@gmail.com' into text field 'id=br.com.bancobmg.bancodigital:id/email_value_edittext'</msg>
<msg timestamp="20230831 16:05:42.626" level="INFO">criteria is br.com.bancobmg.bancodigital:id/email_value_edittext</msg>
<status status="PASS" starttime="20230831 16:05:40.912" endtime="20230831 16:05:42.626"/>
</kw>
<status status="PASS" starttime="20230831 16:05:37.602" endtime="20230831 16:05:42.626"/>
</kw>
<kw name="Clicar no botao" library="hooks">
<arg>${BOTAO_CONTINUAR}</arg>
<kw name="Wait Until Element Is Visible" library="AppiumLibrary">
<arg>${element}</arg>
<doc>Waits until element specified with `locator` is visible.</doc>
<msg timestamp="20230831 16:05:44.162" level="INFO">criteria is br.com.bancobmg.bancodigital:id/continuar_button</msg>
<status status="PASS" starttime="20230831 16:05:42.630" endtime="20230831 16:05:44.162"/>
</kw>
<kw name="Click Element" library="AppiumLibrary">
<arg>${element}</arg>
<doc>Click element identified by `locator`.</doc>
<msg timestamp="20230831 16:05:44.162" level="INFO">Clicking element 'id=br.com.bancobmg.bancodigital:id/continuar_button'.</msg>
<msg timestamp="20230831 16:05:44.965" level="INFO">criteria is br.com.bancobmg.bancodigital:id/continuar_button</msg>
<status status="PASS" starttime="20230831 16:05:44.162" endtime="20230831 16:05:44.965"/>
</kw>
<status status="PASS" starttime="20230831 16:05:42.630" endtime="20230831 16:05:44.965"/>
</kw>
<kw name="Clicar no botão HOME" library="hooks">
<kw name="Press Keycode" library="AppiumLibrary">
<arg>3</arg>
<doc>Sends a press of keycode to the device.</doc>
<status status="PASS" starttime="20230831 16:05:44.966" endtime="20230831 16:05:45.784"/>
</kw>
<status status="PASS" starttime="20230831 16:05:44.965" endtime="20230831 16:05:45.784"/>
</kw>
<status status="PASS" starttime="20230831 16:05:29.292" endtime="20230831 16:05:45.784"/>
</kw>
<status status="PASS" starttime="20230831 16:05:29.292" endtime="20230831 16:05:45.784"/>
</kw>
<kw name="Então recebo o código de validação recebido por e-mail" library="cadastro">
<kw name="Recuperar codigo do e-mail" library="hooks">
<kw name="Clicar no elemento" library="hooks">
<arg>${DEVICE_APP_GMAIL}</arg>
<kw name="Wait Until Element Is Visible" library="AppiumLibrary">
<arg>${element}</arg>
<doc>Waits until element specified with `locator` is visible.</doc>
<msg timestamp="20230831 16:05:47.377" level="INFO">xpath criteria: //android.widget.TextView[@content-desc="Gmail"]</msg>
<status status="PASS" starttime="20230831 16:05:45.784" endtime="20230831 16:05:47.377"/>
</kw>
<kw name="Click Element" library="AppiumLibrary">
<arg>${element}</arg>
<doc>Click element identified by `locator`.</doc>
<msg timestamp="20230831 16:05:47.377" level="INFO">Clicking element 'xpath=//android.widget.TextView[@content-desc="Gmail"]'.</msg>
<msg timestamp="20230831 16:05:48.035" level="INFO">xpath criteria: //android.widget.TextView[@content-desc="Gmail"]</msg>
<status status="PASS" starttime="20230831 16:05:47.377" endtime="20230831 16:05:48.035"/>
</kw>
<status status="PASS" starttime="20230831 16:05:45.784" endtime="20230831 16:05:48.035"/>
</kw>
<kw name="Run Keyword And Ignore Error" library="BuiltIn">
<var>${STATUS}</var>
<var>${condition}</var>
<arg>Wait Until Page Contains Element</arg>
<arg>${EMAIL_BTN_DELETE}</arg>
<arg>timeout=3</arg>
<arg>error=false</arg>
<doc>Runs the given keyword with the given arguments and ignores possible error.</doc>
<kw name="Wait Until Page Contains Element" library="AppiumLibrary">
<arg>${EMAIL_BTN_DELETE}</arg>
<arg>timeout=3</arg>
<arg>error=false</arg>
<doc>Waits until element specified with `locator` appears on current page.</doc>
<msg timestamp="20230831 16:05:49.130" level="INFO">criteria is com.google.android.gm:id/delete
criteria is com.google.android.gm:id/delete</msg>
<status status="PASS" starttime="20230831 16:05:48.035" endtime="20230831 16:05:49.130"/>
</kw>
<msg timestamp="20230831 16:05:49.130" level="INFO">${STATUS} = PASS</msg>
<msg timestamp="20230831 16:05:49.130" level="INFO">${condition} = None</msg>
<status status="PASS" starttime="20230831 16:05:48.035" endtime="20230831 16:05:49.130"/>
</kw>
<kw name="Log To Console" library="BuiltIn">
<arg>${\n} Status ${STATUS} ${\n}</arg>
<doc>Logs the given message to the console.</doc>
<status status="PASS" starttime="20230831 16:05:49.130" endtime="20230831 16:05:49.130"/>
</kw>
<kw name="Run Keyword If" library="BuiltIn">
<arg>'${STATUS}' == 'PASS'</arg>
<arg>Excluir e-mail</arg>
<arg>ELSE IF</arg>
<arg>'${STATUS}' == 'FAIL'</arg>
<arg>Buscar o codigo no e-mail</arg>
<doc>Runs the given keyword with the given arguments, if ``condition`` is true.</doc>
<kw name="Excluir e-mail" library="hooks">
<kw name="Clicar no elemento" library="hooks">
<arg>${EMAIL_BTN_DELETE}</arg>
<kw name="Wait Until Element Is Visible" library="AppiumLibrary">
<arg>${element}</arg>
<doc>Waits until element specified with `locator` is visible.</doc>
<msg timestamp="20230831 16:05:49.299" level="INFO">criteria is com.google.android.gm:id/delete</msg>
<status status="PASS" starttime="20230831 16:05:49.130" endtime="20230831 16:05:49.299"/>
</kw>
<kw name="Click Element" library="AppiumLibrary">
<arg>${element}</arg>
<doc>Click element identified by `locator`.</doc>
<msg timestamp="20230831 16:05:49.299" level="INFO">Clicking element 'id=com.google.android.gm:id/delete'.</msg>
<msg timestamp="20230831 16:05:49.567" level="INFO">criteria is com.google.android.gm:id/delete</msg>
<status status="PASS" starttime="20230831 16:05:49.299" endtime="20230831 16:05:49.567"/>
</kw>
<status status="PASS" starttime="20230831 16:05:49.130" endtime="20230831 16:05:49.567"/>
</kw>
<kw name="Sleep" library="BuiltIn">
<arg>5</arg>
<doc>Pauses the test executed for the given time.</doc>
<msg timestamp="20230831 16:05:54.567" level="INFO">Slept 5 seconds</msg>
<status status="PASS" starttime="20230831 16:05:49.567" endtime="20230831 16:05:54.568"/>
</kw>
<kw name="Clicar no botão VOLTAR" library="hooks">
<kw name="Press Keycode" library="AppiumLibrary">
<arg>4</arg>
<doc>Sends a press of keycode to the device.</doc>
<status status="PASS" starttime="20230831 16:05:54.569" endtime="20230831 16:05:54.651"/>
</kw>
<status status="PASS" starttime="20230831 16:05:54.568" endtime="20230831 16:05:54.651"/>
</kw>
<kw name="Buscar o codigo no e-mail" library="hooks">
<kw name="Clicar no elemento" library="hooks">
<arg>${EMAIL_CAMPO_BUSCA}</arg>
<kw name="Wait Until Element Is Visible" library="AppiumLibrary">
<arg>${element}</arg>
<doc>Waits until element specified with `locator` is visible.</doc>
<msg timestamp="20230831 16:05:57.134" level="INFO">criteria is com.google.android.gm:id/open_search</msg>
<status status="PASS" starttime="20230831 16:05:54.651" endtime="20230831 16:05:57.134"/>
</kw>
<kw name="Click Element" library="AppiumLibrary">
<arg>${element}</arg>
<doc>Click element identified by `locator`.</doc>
<msg timestamp="20230831 16:05:57.137" level="INFO">Clicking element 'id=com.google.android.gm:id/open_search'.</msg>
<msg timestamp="20230831 16:05:57.880" level="INFO">criteria is com.google.android.gm:id/open_search</msg>
<status status="PASS" starttime="20230831 16:05:57.134" endtime="20230831 16:05:57.881"/>
</kw>
<status status="PASS" starttime="20230831 16:05:54.651" endtime="20230831 16:05:57.881"/>
</kw>
<kw name="Clicar no elemento" library="hooks">
<arg>${EMAIL_TXT_VIEW}</arg>
<kw name="Wait Until Element Is Visible" library="AppiumLibrary">
<arg>${element}</arg>
<doc>Waits until element specified with `locator` is visible.</doc>
<msg timestamp="20230831 16:06:01.354" level="INFO">criteria is com.google.android.gm:id/open_search_bar_text_view</msg>
<status status="PASS" starttime="20230831 16:05:57.881" endtime="20230831 16:06:01.354"/>
</kw>
<kw name="Click Element" library="AppiumLibrary">
<arg>${element}</arg>
<doc>Click element identified by `locator`.</doc>
<msg timestamp="20230831 16:06:01.357" level="INFO">Clicking element 'id=com.google.android.gm:id/open_search_bar_text_view'.</msg>
<msg timestamp="20230831 16:06:03.465" level="INFO">criteria is com.google.android.gm:id/open_search_bar_text_view</msg>
<status status="PASS" starttime="20230831 16:06:01.354" endtime="20230831 16:06:03.465"/>
</kw>
<status status="PASS" starttime="20230831 16:05:57.881" endtime="20230831 16:06:03.465"/>
</kw>
<kw name="Inserir texto" library="hooks">
<arg>${EMAIL_INPUT_BUSCA}</arg>
<arg>Banco Bmg, abertura de conta</arg>
<kw name="Wait Until Element Is Visible" library="AppiumLibrary">
<arg>${element}</arg>
<doc>Waits until element specified with `locator` is visible.</doc>
<msg timestamp="20230831 16:06:04.732" level="INFO">criteria is com.google.android.gm:id/open_search_view_edit_text</msg>
<status status="PASS" starttime="20230831 16:06:03.466" endtime="20230831 16:06:04.732"/>
</kw>
<kw name="Input Text" library="AppiumLibrary">
<arg>${element}</arg>
<arg>${texto}</arg>
<doc>Types the given `text` into text field identified by `locator`.</doc>
<msg timestamp="20230831 16:06:04.734" level="INFO">Typing text 'Banco Bmg, abertura de conta' into text field 'id=com.google.android.gm:id/open_search_view_edit_text'</msg>
<msg timestamp="20230831 16:06:06.859" level="INFO">criteria is com.google.android.gm:id/open_search_view_edit_text</msg>
<status status="PASS" starttime="20230831 16:06:04.732" endtime="20230831 16:06:06.859"/>
</kw>
<status status="PASS" starttime="20230831 16:06:03.465" endtime="20230831 16:06:06.859"/>
</kw>
<kw name="Clicar no botão ENTER" library="hooks">
<kw name="Press Keycode" library="AppiumLibrary">
<arg>66</arg>
<doc>Sends a press of keycode to the device.</doc>
<status status="PASS" starttime="20230831 16:06:06.859" endtime="20230831 16:06:08.175"/>
</kw>
<status status="PASS" starttime="20230831 16:06:06.859" endtime="20230831 16:06:08.175"/>
</kw>
<kw name="Click Element" library="AppiumLibrary">
<arg>${EMAIL_RECEBIDO}</arg>
<doc>Click element identified by `locator`.</doc>
<msg timestamp="20230831 16:06:08.175" level="INFO">Clicking element 'id=com.google.android.gm:id/senders'.</msg>
<msg timestamp="20230831 16:06:12.298" level="INFO">criteria is com.google.android.gm:id/senders</msg>
<status status="PASS" starttime="20230831 16:06:08.175" endtime="20230831 16:06:12.298"/>
</kw>
<kw name="Pegar o codigo" library="hooks">
<kw name="Wait Until Element Is Visible" library="AppiumLibrary">
<arg>${TOKEN_BTN_CODIGO_EMAIL}</arg>
<doc>Waits until element specified with `locator` is visible.</doc>
<msg timestamp="20230831 16:06:15.213" level="INFO">xpath criteria: //android.widget.LinearLayout/android.widget.FrameLayout/android.view.ViewGroup/android.webkit.WebView/android.webkit.WebView/android.view.View/android.view.View/android.view.View/android.widget.TextView[6]</msg>
<status status="PASS" starttime="20230831 16:06:12.299" endtime="20230831 16:06:15.214"/>
</kw>
<kw name="Swipe para baixo" library="hooks">
<kw name="Swipe By Percent" library="AppiumLibrary">
<arg>50</arg>
<arg>50</arg>
<arg>50</arg>
<arg>10</arg>
<arg>2000</arg>
<doc>Swipe from one percent of the screen to another percent, for an optional duration.
Normal swipe fails to scale for different screen resolutions, this can be avoided using percent.</doc>
<status status="PASS" starttime="20230831 16:06:15.214" endtime="20230831 16:06:17.626"/>
</kw>
<status status="PASS" starttime="20230831 16:06:15.214" endtime="20230831 16:06:17.626"/>
</kw>
<kw name="Get Text" library="AppiumLibrary">
<var>${CODIGO_EMAIL}</var>
<arg>${TOKEN_BTN_CODIGO_EMAIL}</arg>
<doc>Get element text (for hybrid and mobile browser use `xpath` locator, others might cause problem)</doc>
<msg timestamp="20230831 16:06:19.093" level="INFO">Element 'xpath=//android.widget.LinearLayout/android.widget.FrameLayout/android.view.ViewGroup/android.webkit.WebView/android.webkit.WebView/android.view.View/android.view.View/android.view.View/android.widget.TextView[6]' text is '325331' </msg>
<msg timestamp="20230831 16:06:19.093" level="INFO">xpath criteria: //android.widget.LinearLayout/android.widget.FrameLayout/android.view.ViewGroup/android.webkit.WebView/android.webkit.WebView/android.view.View/android.view.View/android.view.View/android.widget.TextView[6]</msg>
<msg timestamp="20230831 16:06:19.093" level="INFO">${CODIGO_EMAIL} = 325331</msg>
<status status="PASS" starttime="20230831 16:06:17.626" endtime="20230831 16:06:19.093"/>
</kw>
<kw name="Set Global Variable" library="BuiltIn">
<arg>${CODIGO_EMAIL}</arg>
<doc>Makes a variable available globally in all tests and suites.</doc>
<msg timestamp="20230831 16:06:19.099" level="INFO">${CODIGO_EMAIL} = 325331</msg>
<status status="PASS" starttime="20230831 16:06:19.093" endtime="20230831 16:06:19.099"/>
</kw>
<kw name="Clicar no elemento" library="hooks">
<arg>${EMAIL_BTN_DELETE}</arg>
<kw name="Wait Until Element Is Visible" library="AppiumLibrary">
<arg>${element}</arg>
<doc>Waits until element specified with `locator` is visible.</doc>
<msg timestamp="20230831 16:06:19.556" level="INFO">criteria is com.google.android.gm:id/delete</msg>
<status status="PASS" starttime="20230831 16:06:19.099" endtime="20230831 16:06:19.556"/>
</kw>
<kw name="Click Element" library="AppiumLibrary">
<arg>${element}</arg>
<doc>Click element identified by `locator`.</doc>
<msg timestamp="20230831 16:06:19.561" level="INFO">Clicking element 'id=com.google.android.gm:id/delete'.</msg>
<msg timestamp="20230831 16:06:20.094" level="INFO">criteria is com.google.android.gm:id/delete</msg>
<status status="PASS" starttime="20230831 16:06:19.557" endtime="20230831 16:06:20.094"/>
</kw>
<status status="PASS" starttime="20230831 16:06:19.099" endtime="20230831 16:06:20.094"/>
</kw>
<kw name="Clicar no botão HOME" library="hooks">
<kw name="Press Keycode" library="AppiumLibrary">
<arg>3</arg>
<doc>Sends a press of keycode to the device.</doc>
<status status="PASS" starttime="20230831 16:06:20.095" endtime="20230831 16:06:20.916"/>
</kw>
<status status="PASS" starttime="20230831 16:06:20.094" endtime="20230831 16:06:20.916"/>
</kw>
<kw name="Clicar no botão VOLTAR" library="hooks">
<kw name="Press Keycode" library="AppiumLibrary">
<arg>4</arg>
<doc>Sends a press of keycode to the device.</doc>
<status status="PASS" starttime="20230831 16:06:20.916" endtime="20230831 16:06:21.279"/>
</kw>
<status status="PASS" starttime="20230831 16:06:20.916" endtime="20230831 16:06:21.279"/>
</kw>
<status status="PASS" starttime="20230831 16:06:12.298" endtime="20230831 16:06:21.279"/>
</kw>
<status status="PASS" starttime="20230831 16:05:54.651" endtime="20230831 16:06:21.279"/>
</kw>
<status status="PASS" starttime="20230831 16:05:49.130" endtime="20230831 16:06:21.279"/>
</kw>
<status status="PASS" starttime="20230831 16:05:49.130" endtime="20230831 16:06:21.279"/>
</kw>
<status status="PASS" starttime="20230831 16:05:45.784" endtime="20230831 16:06:21.279"/>
</kw>
<status status="PASS" starttime="20230831 16:05:45.784" endtime="20230831 16:06:21.279"/>
</kw>
<kw name="E insiro o código no aplicativo do banco" library="cadastro">
<kw name="Converter o código em lista" library="hooks">
<kw name="Evaluate" library="BuiltIn">
<var>${CODIGOS_LISTA}</var>
<arg>list("${CODIGO_EMAIL}")</arg>
<doc>Evaluates the given expression in Python and returns the result.</doc>
<msg timestamp="20230831 16:06:21.279" level="INFO">${CODIGOS_LISTA} = ['3', '2', '5', '3', '3', '1']</msg>
<status status="PASS" starttime="20230831 16:06:21.279" endtime="20230831 16:06:21.279"/>
</kw>
<kw name="Set Variable" library="BuiltIn">
<var>${COD_1}</var>
<arg>${CODIGOS_LISTA[0]}</arg>
<doc>Returns the given values which can then be assigned to a variables.</doc>
<msg timestamp="20230831 16:06:21.279" level="INFO">${COD_1} = 3</msg>
<status status="PASS" starttime="20230831 16:06:21.279" endtime="20230831 16:06:21.279"/>
</kw>
<kw name="Set Variable" library="BuiltIn">
<var>${COD_2}</var>
<arg>${CODIGOS_LISTA[1]}</arg>
<doc>Returns the given values which can then be assigned to a variables.</doc>
<msg timestamp="20230831 16:06:21.295" level="INFO">${COD_2} = 2</msg>
<status status="PASS" starttime="20230831 16:06:21.279" endtime="20230831 16:06:21.295"/>
</kw>
<kw name="Set Variable" library="BuiltIn">
<var>${COD_3}</var>
<arg>${CODIGOS_LISTA[2]}</arg>
<doc>Returns the given values which can then be assigned to a variables.</doc>
<msg timestamp="20230831 16:06:21.295" level="INFO">${COD_3} = 5</msg>
<status status="PASS" starttime="20230831 16:06:21.295" endtime="20230831 16:06:21.295"/>
</kw>
<kw name="Set Variable" library="BuiltIn">
<var>${COD_4}</var>
<arg>${CODIGOS_LISTA[3]}</arg>
<doc>Returns the given values which can then be assigned to a variables.</doc>
<msg timestamp="20230831 16:06:21.295" level="INFO">${COD_4} = 3</msg>
<status status="PASS" starttime="20230831 16:06:21.295" endtime="20230831 16:06:21.295"/>
</kw>
<kw name="Set Variable" library="BuiltIn">
<var>${COD_5}</var>
<arg>${CODIGOS_LISTA[4]}</arg>
<doc>Returns the given values which can then be assigned to a variables.</doc>
<msg timestamp="20230831 16:06:21.295" level="INFO">${COD_5} = 3</msg>
<status status="PASS" starttime="20230831 16:06:21.295" endtime="20230831 16:06:21.295"/>
</kw>
<kw name="Set Variable" library="BuiltIn">
<var>${COD_6}</var>
<arg>${CODIGOS_LISTA[5]}</arg>
<doc>Returns the given values which can then be assigned to a variables.</doc>
<msg timestamp="20230831 16:06:21.295" level="INFO">${COD_6} = 1</msg>
<status status="PASS" starttime="20230831 16:06:21.295" endtime="20230831 16:06:21.295"/>
</kw>
<kw name="Clicar no botão HOME" library="hooks">
<kw name="Press Keycode" library="AppiumLibrary">
<arg>3</arg>
<doc>Sends a press of keycode to the device.</doc>
<status status="PASS" starttime="20230831 16:06:21.295" endtime="20230831 16:06:21.713"/>
</kw>
<status status="PASS" starttime="20230831 16:06:21.295" endtime="20230831 16:06:21.713"/>
</kw>
<kw name="Clicar no elemento" library="hooks">
<arg>${DEVICE_APP_BMG_TABLET}</arg>
<kw name="Wait Until Element Is Visible" library="AppiumLibrary">
<arg>${element}</arg>
<doc>Waits until element specified with `locator` is visible.</doc>
<msg timestamp="20230831 16:06:22.220" level="INFO">xpath criteria: //android.widget.TextView[@content-desc="Bmg"]</msg>
<status status="PASS" starttime="20230831 16:06:21.713" endtime="20230831 16:06:22.220"/>
</kw>
<kw name="Click Element" library="AppiumLibrary">
<arg>${element}</arg>
<doc>Click element identified by `locator`.</doc>
<msg timestamp="20230831 16:06:22.220" level="INFO">Clicking element 'xpath=//android.widget.TextView[@content-desc="Bmg"]'.</msg>
<msg timestamp="20230831 16:06:22.821" level="INFO">xpath criteria: //android.widget.TextView[@content-desc="Bmg"]</msg>
<status status="PASS" starttime="20230831 16:06:22.220" endtime="20230831 16:06:22.821"/>
</kw>
<status status="PASS" starttime="20230831 16:06:21.713" endtime="20230831 16:06:22.821"/>
</kw>
<kw name="Inserir o código" library="hooks">
<arg>${COD_1}</arg>
<arg>${COD_2}</arg>
<arg>${COD_3}</arg>
<arg>${COD_4}</arg>
<arg>${COD_5}</arg>
<arg>${COD_6}</arg>
<kw name="Inserir texto" library="hooks">
<arg>${LBL_DIGITO_COD_1}</arg>
<arg>${COD_1}</arg>
<kw name="Wait Until Element Is Visible" library="AppiumLibrary">
<arg>${element}</arg>
<doc>Waits until element specified with `locator` is visible.</doc>
<msg timestamp="20230831 16:06:23.901" level="INFO">criteria is br.com.bancobmg.bancodigital:id/digito_1
criteria is br.com.bancobmg.bancodigital:id/digito_1</msg>
<status status="PASS" starttime="20230831 16:06:22.832" endtime="20230831 16:06:23.901"/>
</kw>
<kw name="Input Text" library="AppiumLibrary">
<arg>${element}</arg>
<arg>${texto}</arg>
<doc>Types the given `text` into text field identified by `locator`.</doc>
<msg timestamp="20230831 16:06:23.907" level="INFO">Typing text '3' into text field 'id=br.com.bancobmg.bancodigital:id/digito_1'</msg>
<msg timestamp="20230831 16:06:24.086" level="INFO">criteria is br.com.bancobmg.bancodigital:id/digito_1</msg>
<status status="PASS" starttime="20230831 16:06:23.902" endtime="20230831 16:06:24.086"/>
</kw>
<status status="PASS" starttime="20230831 16:06:22.831" endtime="20230831 16:06:24.086"/>
</kw>
<kw name="Inserir texto" library="hooks">
<arg>${LBL_DIGITO_COD_2}</arg>
<arg>${COD_2}</arg>
<kw name="Wait Until Element Is Visible" library="AppiumLibrary">
<arg>${element}</arg>
<doc>Waits until element specified with `locator` is visible.</doc>
<msg timestamp="20230831 16:06:24.846" level="INFO">criteria is br.com.bancobmg.bancodigital:id/digito_2</msg>
<status status="PASS" starttime="20230831 16:06:24.086" endtime="20230831 16:06:24.846"/>
</kw>
<kw name="Input Text" library="AppiumLibrary">
<arg>${element}</arg>
<arg>${texto}</arg>
<doc>Types the given `text` into text field identified by `locator`.</doc>
<msg timestamp="20230831 16:06:24.846" level="INFO">Typing text '2' into text field 'id=br.com.bancobmg.bancodigital:id/digito_2'</msg>
<msg timestamp="20230831 16:06:25.216" level="INFO">criteria is br.com.bancobmg.bancodigital:id/digito_2</msg>
<status status="PASS" starttime="20230831 16:06:24.846" endtime="20230831 16:06:25.216"/>
</kw>
<status status="PASS" starttime="20230831 16:06:24.086" endtime="20230831 16:06:25.217"/>
</kw>
<kw name="Inserir texto" library="hooks">
<arg>${LBL_DIGITO_COD_3}</arg>
<arg>${COD_3}</arg>
<kw name="Wait Until Element Is Visible" library="AppiumLibrary">
<arg>${element}</arg>
<doc>Waits until element specified with `locator` is visible.</doc>
<msg timestamp="20230831 16:06:25.753" level="INFO">criteria is br.com.bancobmg.bancodigital:id/digito_3</msg>
<status status="PASS" starttime="20230831 16:06:25.217" endtime="20230831 16:06:25.753"/>
</kw>
<kw name="Input Text" library="AppiumLibrary">
<arg>${element}</arg>
<arg>${texto}</arg>
<doc>Types the given `text` into text field identified by `locator`.</doc>
<msg timestamp="20230831 16:06:25.756" level="INFO">Typing text '5' into text field 'id=br.com.bancobmg.bancodigital:id/digito_3'</msg>
<msg timestamp="20230831 16:06:26.124" level="INFO">criteria is br.com.bancobmg.bancodigital:id/digito_3</msg>
<status status="PASS" starttime="20230831 16:06:25.753" endtime="20230831 16:06:26.125"/>
</kw>
<status status="PASS" starttime="20230831 16:06:25.217" endtime="20230831 16:06:26.125"/>
</kw>
<kw name="Inserir texto" library="hooks">
<arg>${LBL_DIGITO_COD_4}</arg>
<arg>${COD_4}</arg>
<kw name="Wait Until Element Is Visible" library="AppiumLibrary">
<arg>${element}</arg>
<doc>Waits until element specified with `locator` is visible.</doc>
<msg timestamp="20230831 16:06:26.921" level="INFO">criteria is br.com.bancobmg.bancodigital:id/digito_4</msg>
<status status="PASS" starttime="20230831 16:06:26.125" endtime="20230831 16:06:26.921"/>
</kw>
<kw name="Input Text" library="AppiumLibrary">
<arg>${element}</arg>
<arg>${texto}</arg>
<doc>Types the given `text` into text field identified by `locator`.</doc>
<msg timestamp="20230831 16:06:26.925" level="INFO">Typing text '3' into text field 'id=br.com.bancobmg.bancodigital:id/digito_4'</msg>
<msg timestamp="20230831 16:06:27.287" level="INFO">criteria is br.com.bancobmg.bancodigital:id/digito_4</msg>
<status status="PASS" starttime="20230831 16:06:26.921" endtime="20230831 16:06:27.288"/>
</kw>
<status status="PASS" starttime="20230831 16:06:26.125" endtime="20230831 16:06:27.288"/>
</kw>
<kw name="Inserir texto" library="hooks">
<arg>${LBL_DIGITO_COD_5}</arg>
<arg>${COD_5}</arg>
<kw name="Wait Until Element Is Visible" library="AppiumLibrary">
<arg>${element}</arg>
<doc>Waits until element specified with `locator` is visible.</doc>
<msg timestamp="20230831 16:06:28.070" level="INFO">criteria is br.com.bancobmg.bancodigital:id/digito_5</msg>
<status status="PASS" starttime="20230831 16:06:27.288" endtime="20230831 16:06:28.070"/>
</kw>
<kw name="Input Text" library="AppiumLibrary">
<arg>${element}</arg>
<arg>${texto}</arg>
<doc>Types the given `text` into text field identified by `locator`.</doc>
<msg timestamp="20230831 16:06:28.072" level="INFO">Typing text '3' into text field 'id=br.com.bancobmg.bancodigital:id/digito_5'</msg>
<msg timestamp="20230831 16:06:28.294" level="INFO">criteria is br.com.bancobmg.bancodigital:id/digito_5</msg>
<status status="PASS" starttime="20230831 16:06:28.070" endtime="20230831 16:06:28.294"/>
</kw>
<status status="PASS" starttime="20230831 16:06:27.288" endtime="20230831 16:06:28.294"/>
</kw>
<kw name="Inserir texto" library="hooks">
<arg>${LBL_DIGITO_COD_6}</arg>
<arg>${COD_6}</arg>
<kw name="Wait Until Element Is Visible" library="AppiumLibrary">
<arg>${element}</arg>
<doc>Waits until element specified with `locator` is visible.</doc>
<msg timestamp="20230831 16:06:29.091" level="INFO">criteria is br.com.bancobmg.bancodigital:id/digito_6</msg>
<status status="PASS" starttime="20230831 16:06:28.295" endtime="20230831 16:06:29.091"/>
</kw>
<kw name="Input Text" library="AppiumLibrary">
<arg>${element}</arg>
<arg>${texto}</arg>
<doc>Types the given `text` into text field identified by `locator`.</doc>
<msg timestamp="20230831 16:06:29.096" level="INFO">Typing text '1' into text field 'id=br.com.bancobmg.bancodigital:id/digito_6'</msg>
<msg timestamp="20230831 16:06:29.452" level="INFO">criteria is br.com.bancobmg.bancodigital:id/digito_6</msg>
<status status="PASS" starttime="20230831 16:06:29.091" endtime="20230831 16:06:29.452"/>
</kw>
<status status="PASS" starttime="20230831 16:06:28.294" endtime="20230831 16:06:29.452"/>
</kw>
<kw name="Clicar no botao" library="hooks">
<arg>${TOKEN_BTN_BOTAO_CONTINUAR}</arg>
<kw name="Wait Until Element Is Visible" library="AppiumLibrary">
<arg>${element}</arg>
<doc>Waits until element specified with `locator` is visible.</doc>
<msg timestamp="20230831 16:06:30.147" level="INFO">criteria is br.com.bancobmg.bancodigital:id/buttonLoginEmailTokenContinue</msg>
<status status="PASS" starttime="20230831 16:06:29.452" endtime="20230831 16:06:30.147"/>
</kw>
<kw name="Click Element" library="AppiumLibrary">
<arg>${element}</arg>
<doc>Click element identified by `locator`.</doc>
<msg timestamp="20230831 16:06:30.162" level="INFO">Clicking element 'id=br.com.bancobmg.bancodigital:id/buttonLoginEmailTokenContinue'.</msg>
<msg timestamp="20230831 16:06:30.520" level="INFO">criteria is br.com.bancobmg.bancodigital:id/buttonLoginEmailTokenContinue</msg>
<status status="PASS" starttime="20230831 16:06:30.147" endtime="20230831 16:06:30.520"/>
</kw>
<status status="PASS" starttime="20230831 16:06:29.452" endtime="20230831 16:06:30.520"/>
</kw>
<kw name="Sleep" library="BuiltIn">
<arg>40</arg>
<doc>Pauses the test executed for the given time.</doc>
<msg timestamp="20230831 16:07:10.521" level="INFO">Slept 40 seconds</msg>
<status status="PASS" starttime="20230831 16:06:30.520" endtime="20230831 16:07:10.521"/>
</kw>
<status status="PASS" starttime="20230831 16:06:22.821" endtime="20230831 16:07:10.521"/>
</kw>
<kw name="Log To Console" library="BuiltIn">
<arg>codigo: ${CODIGOS_LISTA}</arg>
<doc>Logs the given message to the console.</doc>
<status status="PASS" starttime="20230831 16:07:10.521" endtime="20230831 16:07:10.521"/>
</kw>
<status status="PASS" starttime="20230831 16:06:21.279" endtime="20230831 16:07:10.521"/>
</kw>
<status status="PASS" starttime="20230831 16:06:21.279" endtime="20230831 16:07:10.521"/>
</kw>
<kw name="Então vejo a tela para informar o código SMS" library="cadastro">
<kw name="Page Should Contain Element" library="AppiumLibrary">
<arg>${IDENTIF_INPUT_CELULAR}</arg>
<doc>Verifies that current page contains `locator` element.</doc>
<msg timestamp="20230831 16:07:11.018" level="INFO">Current page contains element 'id=br.com.bancobmg.bancodigital:id/celular_value_edittext'.</msg>
<msg timestamp="20230831 16:07:11.018" level="INFO">criteria is br.com.bancobmg.bancodigital:id/celular_value_edittext</msg>
<status status="PASS" starttime="20230831 16:07:10.521" endtime="20230831 16:07:11.018"/>
</kw>
<status status="PASS" starttime="20230831 16:07:10.521" endtime="20230831 16:07:11.018"/>
</kw>
<kw name="Fechar App" library="config" type="TEARDOWN">
<kw name="Capture Page Screenshot" library="AppiumLibrary">
<doc>Takes a screenshot of the current page and embeds it into the log.</doc>
<msg timestamp="20230831 16:07:11.973" level="INFO" html="true">&lt;/td&gt;&lt;/tr&gt;&lt;tr&gt;&lt;td colspan="3"&gt;&lt;img src="data:image/png;base64, iVBORw0KGgoAAAANSUhEUgAAAyAAAAU8CAYAAADMtPGyAAAAAXNSR0IArs4c6QAAAARzQklUCAgI
CHwIZIgAACAASURBVHic7N13fBvl4T/wz522l+Q94thxprN3SMiEhDBbVqFAob+WwpfVQimEsjcU
CmWUQikphTLKKKtsSEIWIXvvOB7xHrItWXvd/f6QfbEsySO2FYd83q9XXvhOp9Ojk2yezz1LWDzm
VhlEREREREQxIB7vAhARERER0cmDAYSIiIiIiGKGAYSIiIiIiGKGAYSIiIiIiGKGAYSIiIiIiGJG
fbwLQEQkiDKG5TTiDz9bg4IsMwS3BARkyJBRVm3CM58vxOH6DMiycLyLSkREdEKqtR6EzWNWthN1
acgyjjouZWEAIaJO2dv9seqOBF1aj46fMKIGD1/7LTSSH0JAguwFZBmABCAA5CU34tnL34MfKlz4
/I0MIUREJyhZluCXvJBkPwKSH4IgQi1qIQpqqMT+r5IGJB+aHOVITxzW7681ENW0HAjZtnvMJ3cA
8QZc0Ig6CELXPcICkg9+yQONSg9R6F7xZVmCy2eFL+CBSlTDoDFF/KJLsh9evyvqefSaBAADs/IT
kHxweJuQoEuDKKj67JwunxUByQ+VqEGc1tita96Tz7Mzu6u+gl6TiBEZc3p1nh8nGX7JB0nyQ4YM
QIYsB1sM0PZfAAIEQBAgQIAgCK17BIiiGmpRg66+z7XWg2F/sLqSlTQK2cbCLo8TIOPmK37A4ulF
ECADkgDIAhAIX5pIAKDyBgAZOEUlY1MAkAfo7yIREYXyBdxw+1o6rWOpVFro1PEwaJL6rRwNthLU
tByAQWvs8c0yoOv6TXfrmz05NiD54PRaIQhCt+thHZ/fYCuJ+nit9SAAID1xKFSipkfn7o3jFkAk
2Y8WdwOaHZWwuKoxPucsqFW6KEfLsLpqUW8rUe7GjsqcjzitqcvXcflacKRxG1w+q7JPo9JjcPJE
GA1ZIcc6PBYcblgX9VyTcn/SWokbeBod5aiy7EF+yhSkxA/u9fmanZWobN4Nv+RV9mlUBgxOnhB2
3YCefp7UG7Iswew4gmZHBQKSD3LE8NFWiRfCQkgwgGiQEjcIaQkFnQZFWw9bP4Dut5jccsUPOGNG
UWuMEACVABhEwADA6Qf83pDjVSoZMwpKMbyqAFM1wEvuHheNiIhiyC954fA0wRdwQxREaNUGaNVx
IZVoWZbgC7jhDTjh8DTB7WtBvDYFWnVcn5dHRs/X3u5u/SZyfTNyvam7x7p9NpSYN0KjMkCSAwBk
DE07BRqVvtvlL6pfF/I6HbXdZLR5zBiRMbvb5+2tmAcQX8CNBlsJGh1HQiq3naltKUKNdT/itCYM
Tp4ArToOOnV8l88LSD6UmjdBkgMYlj4TcVoTvH4XKpt3odS8CaMy58OgNSrH+6VgjSbHOAZatSHs
fAM1fACA0ZAFSQ4gUZ/e63PZ3A0oa9wKoyEL2cZCaFQGeP1OVFn2BK9b1gLlDsWxfJ7UOzaPGdWW
va1/jI6d29cCnToBSYbMPipZ940fUYtF04uit2HEqQGDCqgNvVs2a0gxmqsLcKoqgDUqNfb07hIQ
EVE/8QXcsLkbIMkBxGlNMGiSot7w0qrjEI8UePx2OL0W2NwNMGiN3brR3F+O1m/K4Zc8nR57tL4p
dahv7kapeTNGZc2DQWPs8bF1LYeQpM9EbvI4yDJQ1rgZDfYS5BjHAAAkOYD6lsNITxwWtaWls/DR
Xk+7W/dWzGfB8vjtaHZWIT1hKAozFyA9YWinx1tdNaix7kdG4jCMzJiLtIQCJOkzw5qJLM4q7KtZ
AYe3ud1za+HxOzA4eQKS9JlQizrEaU3IT50KGTIaHeUh5/AHghXo5PhcJMeF/xuo3a8AQKeOR1bS
yB6l4mga7CUQBRF5KZNh0BihFrWI05qQYxoLubU1qk1PP0/qPauzptfhAwj+4bK4qo/puQm6VCTo
Uo/puYIo45EblkFs/XWS5dYxHx1+hiAA2XFo/3tn0HqQK8oQBeAuQwBCz29mERFRPwtIfrS46gDI
MMXlIE5rgiCI8PqdaLCVoNS8CUX161BUvw611oNweYOVZJ06ASZDDtQqHVxeK1y+ll6Vw+4xY2/1
Mnj9zh4/92j9pgCFWZ3Xb6yuutb65vgO9c0pkCGh0V5+TMfaPY1I1KcBrT0YEvUZcHotyuON9iOw
exr7rOt9LMW8BcSgMWFM9sKjKdgR/VgZMupaihCvTUGOcUynXUU8fic8fjt8fhegTQYA5UOK71BR
0qnjEa9Nhs3dELLf19oCohH7t+uQDBlWZw3sHjMkWYJBk4Tk+NzWX1YoXaha3HVw+2xIjc8PCVwB
yYdGxxHoNYlI0gfvXju9Ftg9ZhgN2d1qHeqMyZCD5LhBUIvakP1aVbBVyBc4ele6J59ndDKsrjrY
3PWQZAlxWmNr4IvM7bPD4qqG1++AWtQiUZ+h/IJ257VsbjPsnkb4Am5oVHok6TMQr0vppFzBOzgG
rREpcblocddBliWkxOeFHO3ytcDqqoHX74RK1CBemwKjIavXY2E66u0f5NBz2Xp0fHrCUGQbC5U7
LQHJjxrrATTYo/cv7WjooCZoICEAEVv25+LTNYUoEYaheeRwmNL1GL7mE5y34ABmFFZCEGQI2fGQ
K4LlLG9KxWJVW1qRMFQlolgauDcGiIhORipRDYPWqLR6BCQfqix7wm78AsGQUNNyAAm6NGQbRyFB
lwajIQsuX0uvb6ra3GZ4A054A84ed+kKq990wtl68ztyfTMlpL7Zk2NFQQ1ZPnqnTZYlJWx4/A7U
WA9gRObsAd1DJ5qYB5CezHLg9rXA4W1GfkqwxcLttUKGBK06DuoOISEjcTiS43OVSjIQ/HBUgias
Ig0EU3aTswKSHFA+TJ/frVTePX47ApK/9bXCn3+sZMioaNoZDBDqRMRpTWh2VsLsKIMkBaBVxykB
xO42o852GMlxuVChXQCR/aiy7EVm4nAlgLh9NlRZ9sKgMfY6gEQbQ+LxB9OFXp2o7Ov9rBUyKpp3
wWwvg1YVhzitEQ22UjQ6yiPe5W92VuJI4zZo1XGI0ybD6qpDne0wso2FyErqfCYHWZZQ3rQdTc5K
JOjSoFPHw+qqQW3LQWQmjUSOcXSn5TLbStFkL4eEANSiNiSAmO1lqGjeCa0qDgm6VDi9VtTbipGk
z8CQ1Gl9OrCrs6ZgrSoOqQl5sLrqlD9ynZ4r0HmzcnvtB5dXWfZAlmXkJo9HbvJ4AOh2CPnDlevw
zncT8Z8vJ8F77lR4f5YHSQ5Ao1HD99lObDs4CNsODoIgyrjirJ24YvFOIF4NucWHFXsm41xRRnBY
i4AbDDJud5x4f3iJiH7s2rpPubxWFNWvQ0D2ISVuMFLi85CoP1r59vpdaHSUo8FWgqL6dchLmYzU
+Lx+HYzeHT2p33j8DqjEKPVNTTyaHEfrmz05NsmQiSZnBRL16ZDkAJqdlTDFDQIgo9qyD+mJQ5Xu
WieaATELVjQub/BOry/gwv6a7+ANBJvQREFEVlIhMpOGo+2utyAIIeEDCLYURKv4iWIwdLQPIN6A
CwHJj/21K+Hx25VjMxNHIMs4qk+auKzOGjQ6jiA1Ph+Dkye0JmsZZvuRYAW2HwZd9ZYkB+DytaCq
eQ8MGiOS46O3TvSU1VUHs70MqfF5yE2eAFFQQZZl1NsOo9q7L+RYp9eCI43bkByfi8HJE5Q7A5WW
XaixHoBRnxUypqejJkcFmpyVyEuehNSEfADBUFLWuBV1LYeQEpcLvSaxi3IVo9q6N6T7kcPbjIrm
nUiOy0VeyiTle2JxVqO0cTNqrAeUSnpf6Cw0qEQ1UuPzkRqfjyZHOepshxGQfFGPD3Rz3I5KUCO7
3VR9Tq8VUAa7C8hNHo8mRwUCcvTXanP/S4vQqEpD4L5zIQkSVJAhymoUZKSjZvfRu2OyJODtLyfh
y+9H4l/3fwidrQk3yHpA8CvHFIgMH0REA1lbq0dB2gyYDNlhj2vVccg2FiIjcRiK6r9HVfMepMYP
xkDu9t6RJPuhEqLUN4XQ+mZPjs1MGoGKpp3YVfUlACA1Ph9pCfmwOGvg9tmQlzK5H95NbAzoANIW
OKqt+5BjHIMkQyYkyd9aCdwHtUqL1Pj8Ts7Qsw7igda5qTPihyFOa4Iv4IbZXoo6WxEAIMc05ljf
iqLJWQEAyEoa2a5ZT0BawhDUWPf3+vx9yeN3YF/NcmU7QZeKIanT+rRFqKn1D1NW0tGAJwgCMpKG
o66lKOTYRvsRyJCRYxyjzKAhCAIyEofDbC+DxVXTaQCJ0yVjePqskGZPQRBhisuBxVUNj9+hBJBm
Z1XEcmUmDQu702+2lQIAso2FISHVFJcDkzMHDfYSZCQNDwvIxyog+7s8RqPSIyNxOIyG4Os32ssi
zv7RnXMBiHhdvX4Xaq2HkBI/GFp1HAxaY7cGsZl9yRCWnAdBlqGCCBlAvE4LQVRB9kdo9WqJwxX3
/Bx/PGMVhqtCy+uVAxjgf8aIiE5qbeGi7QZrjfUArK5auHxWaFUGJOjTkJ1UCK06DoVZp7WO1zi2
8OH1O1FUvw75qZOPaZrdYyXLUiePhr6XnhyrFrUoSJsOv+SFAAEqUQO/5EWVZS8Gp0yIydop/WVA
l7ztzm1bc1ybfG0SnDUW1LUUISU+LzjNaB8YlbkAAckbMr2a0ZCFQ3VrUW87jPTEob3sjxgcfxCv
TR6QLR0dqUUt8lImQ5L8cHotaHJWoMqyp/Uuf198daJfj6PrVhxlcVXDoEmCP+AJawUQBXWXMz0Y
NEmAJgmS7IfLa4VP8kBubd0BQv8o2Nz1UT4nIeT71jYov61LV0emuGxYXNVweS3QGvomgHSbIEAl
qqHXJCp/tPqSN+AM9tvVp/bo+6x/+DIE/F5IcvCayzKQnpTY6e0C2aPFiFULIXDUORHRCUUlapTe
KEX162D3mIPBQ5faujBgBazOWhRmLYBWHRfy/5MmRzkaHRXINY3r9AZjm7bxHja3OaYBpL+1v/Fb
13IICfpUJOkz4Ze8cHmtEAUVDFrjCTUYfUAHEKm1QmjsME2oKKiRHJ+LupZD8PqdUcc8CIIKUVtB
Wne3r0wKghA2t7NK1CA9sQAVzbvg8ll7FUAkOQBJ9p8Q4QMIvvf2wc9oyEJp42YYNEZkJo3o9fkl
OYCA7OvW9QhIfvglL/ySFwfqVkU8pm0Ws2hkWUaDvQT1tsPwBzxHK+Ydnte2UmuiuuspjSXJj4Ds
i/odbPu+dFW2nlAJ6i5bLvySNzi+xXoI3oAL0X4Puhsk27pDthmRcWq7LaH1mO5N9afSqICACFEA
ZFmAJEnB0skSBLUKciD07pBRAF6IDwQXK2wlyxIEANoYLppERES9oxLVreMJj3bptXsaUWM90Prz
0eBgddXgSNN2AMHgMiJjdrdCyPHQaX1TWRhY7PGxHTk8TWhyVGBU1gI4vRaUmjdBr0lsXcxQg6Fp
M2K6mGBvDOgAom69iAHJFzbovG2mKkk6WhGTZSlktgK1qIFT8kCW5bC76W3NWd2pgGlau860f61j
0faF6qxP/kBmisuGulkLq6u2TwJIT65H28eXqE9HrinyeIquZqow20tRZdmDQaaxSI0fojRdWl21
KDFvbHeeYCtH98rV+XsItH5n+nImLLVKh4A/8ncxIPnR5ChHi7seDk9Tl4sudbc7XUD2obJ5T7ux
LKG/T5XNu7s1/gMAxFoLkBYPyDIkWYC63Xy8+nF5cG0tVl7hIq2Mi7QB5dVkAJLPAwGAoFKjPCAB
OHHu+BARncyGpp2i/Nw2TjdBl4YRGbNh9zSiqH4dJg/+KQABlc17YNAkweVrgVZtQL29GPkpU45f
4TsRrG96I9Y3A5IPAkSldaInx7YnyQFUWfYE16pTGVDRtAOpCfnIShoFWZZQbN6ARscRZCQO7783
2odivg5IT7T1x2+bfak9XyA4Za5KFaxAme1l2FH5Wcj0ZTpNIiRZUsaSHCXD5bO2zksd/PDtnkaU
N22POMVpW3cfVS/HPgiCiDitCU6vtXvrOLRWWjvvL9i32gZl17YcjFQgiIK6T9agAI5eD5e3pctz
ioIaenUiPD47dOp46DWJYf+6mv2r2VkJrSoOGZ0s2NNaMsTrUrpZLhXitclwepsjHutu/T7pNAmd
nqcnOobx9rwBJ6qt+2H3NHZrxVe1qvvf6QZ7Caose0LCVtvUij2Zhtf19lpoBBEqlQpqlQpqdetn
IQgwXTgL41QylhhkvJUQUMKHLEvwehzwOJoh+X0AZEiyjL+5B/SfMCIiisDls2JX1ZdKy0ekMR9j
cxYpN70KsxZEvPno9Tuxt3pZzBfR6yhY3wxErG86vZaQ+mZPjm2v0V4GUVAjJT4Psiy3djMLjmkV
BBGJuvRu90QYCAb0/70T9elQi1rU24pDKuF+yYsmR0Wwj77SJUru8F8oH4zFGbrYmt3TCI/fgaR2
y92rRS0aHeVoclSEHCvLEhod5Ur/ut4yGXLglzxoabeYHxD8JZI6dKtpa+Vx+0PXanB6up5e9ajQ
Sqhf8rR2yYksuFCQAw22EiXktXH5WuANOJEQcc2MY5McNwg+yR12PVw+a1irQkr8YHgDrrDPCAiG
i65WKhUEFQKSDwHpaFCQZVlZf6U9oyE7Srla4JdCr0tbuTp+z/ySFw32Uhg0SYgLmSavd+MYDNq+
m5qwp9Mc1tuKsavqS2UBqV1VX6LeVtyjc/grzMHgIYhQiyJU4tE/Q2JqAiY6S6Gv2oayqn2ori1C
fX0pLE3V8LrskCU5OG5EkiFDQEngxJklhYiIglSCBgZNktIFu20NLSDY5dfqqkHHUBKpa1H7MR/H
09H6Zk3I/rb6ZvuhBD05tk3bmh+DkscGw4kQnBE2ZI0QSH3a26K/DfAuWDoMMo3FkabtKDVvRmpC
PmRZQr2tGD7JjXzjFLR9QdMSCpAanx9y8RN1aUjSZ6Daug+AjHhdCrx+F2qs+6FR6UPGN+g1iUhL
KEC97TAAIEmfDkmW0Og4Aoe3CYNMY/tk9qfUhHw0Oo6gvGkn/JIXek1icDahlkPKmBel/PrgGITK
5j3ISvJCJWrg9FpQbyuKdOowVlctyho3Iy9lsrKwX1XzHjQ5KzFp8E+jDt7PMhaiuGE9ihs2ICNx
OLRqPTx+B+paDkMtapGe2HernafG58NsD14Pb8ANvSYBHr8TdS2Hwu4ApCUMgdVVg4rmnfBJbiTo
0iDLATQ7q9HoOIKC1OkwxeVEfa3kuEGwe8woa9yClPhcyLKMJmcF7K1/uNp3IUqJHwyzvSxCuYrC
PqeU+Dw0O6tQ0bwTfsmDOK0J/oAX9bZi+AMeDEmdqnwvI30mPWUy5KDJURkWWHtKFFSdXq/O9OZu
kyDLsL28DEk3LQZkQGr3BxQCsPxP9+LyW/4IteSHKAhQQYQkSpBkCSKk1oHrAfzFq4bM/EFEdMIJ
zni1AG11uHpbiXL3vqh+HVLiB8NoyIZK0ESdsrYzbWFFHaPxEIm69Nb65l4crW86W+ubhpB1w3py
bBu/5EW2sVBZ80OAAKMhG03OCsTrUuCXvLA4q5GeOCzsuVpVXITWlnBaVWzHJ6uGpc96MKav2EGL
ux5ObzMyE4dDjNAtxqA1Qq9JQLOzCmZHGSyuaqgENfJSJiOpQ0rsWGEVBAFJhkzIcgAN9mI0Osph
ddUgXpeKIalTw7rsJOnToVHpYbaXwWwvRbOzCpLkR45xNDISh6Iv5qQOLiyTAZfPigZ7KZocFXB5
LcgxjYbd0wi1SqcEI7VKhzitCTZ3PRod5a3lCSA3eQKanVVI0KUgUZ8B4Ogq3Cnxg5X35fZZ0eys
QpIhU1kQqNlZBV/AjaykEVHfj04dj0R9GhzeZjTYi4MzVLhqkahLRX7qVKVrXCRdfZ6Rr0cm3L6W
1mteCY/fjtzk8fC2tsC0XQ9RUMEYlw1JDgSnlnUcQZOzEoIgIC9lEowR5hdvz6AJzhDR5KxAs7MK
VlcNknQZyDGNQZOzAlpVnPKdav85me1laHZWwu2zIdc0Dk6vJWSAviCIMBqylCmiGx1HYHFVQ6sy
ID91ashMHJE+k57SqgzQqA0ISH6IggoqUQu1qIFKUENs+68Q7EOqEjStCx5poFbpoBZ10Ig66NQJ
yEwaDpMhp9MVVJscFd36wxVSPnVcSLiPJGBugS47DZqcZIgdWkGEeC02atKRfugI0iV38HFBbH1P
IgRBxBYhDp8F+m46aCIiirWj/+8xGbJhddXAL3kQr0tGQdo0AAI0Kn3Imm8dBReL1iAtoaD1/4ca
aFrrUaKggl6TCI1KhyR9JkRBhTitERqV7phuAHZWvwmtbwbrJ1ZXDRJ0achPnRJS3+zJscr7VBkQ
36H3SZzOhGZHJSqad6HedhjJcTnITBwe9v/0trVXREGlzDLW8Z/RkIW8lIkxHcAuLB5z6wkxr6Us
y/BLHsiQW7td9SwMBGdR8kRdfbLDq8EX8ECWJWhU+n5r0vIF3K2vYYAgCNhd9RX0miSMyJjdoTQy
fAE3BAjQqHToyXsPXYxRxt7q5TBok0IGgnXGL3kQkPxQi9p+/2J2vB6dkeQA/AEPREHVOo6h+9dE
liX4Au6QqQG7Wy4ZEnZVfgGjIQsFaTMilMsPf8DbWq7IYzU6WyCzJwKtM3BBliEjOJ2tDAmArDTL
Bq+jAAEigq22YnB6XkHdrTLUWA9EGQ8UXfsV07uSeu2Z0E0Z0q6sQbIsw/7lNmj+tw43uCuRjgBU
KjU0Ki12qJPwoZiIFkmG+wRaqIqIiKILSD40OsqRGp93wszkFElP6ps9q5tGEqyvtoWvE8kJE0BO
BtECSF9pm+1pWPpMJOnD+xjSUbIsodlZhZT4XLQPN23XcJBp7Akz00Rv9bS7VbB/a/eDgX58PlJv
Ojt8RhBZhr+qGQ1PfwK1y4Nc2YM4QcQeQYshogQtBBySGECIiIhONAwgA0h/BxCn1wK7x4yMxGHo
i+5kP2ZOrwWH6tYgyZCJlLjByvib2pZD0Kj0GJk5p9PZqKiHBBGaggyk/noRtDkpCPiD43FUag28
NU1oePoTBCz241xIIiIi6gsMIANIfwcQ6hmHpwl1tiK0uOogQ4YoiEiOG4ws4yhoVTFe1ZyIiIjo
R4IBZAAJzmokRFyAho4fSfbDL/mgFrX8bIiIiIh6aUBPw3uy6c6q7BR7oqCGVsXPhoiIiKgvnDgr
lhARERER0QmPAYSIiIiIiGKGAYSIiIiIiGJGkNtWLCMiIiIiIupnbAEhIiIiIqKYYQAhIiIiIqKY
YQAhIiIiIqKYYQAhIiIiIqKYYQAhIiIiIqKYYQAhIiIiIqKYYQAhIiIiIqKYYQAhIiIiIqKYYQAh
IiIiIqKYYQAhIiIiIqKYYQAhIiIiIqKYYQAhIiIiIqKYYQAhIiIiIqKYYQAhIiIiIqKYYQAhIiIi
IqKYYQAhIiIiIqKYYQAhIiIiIqKYYQAhIiIiIqKYYQAhIiIiIqKYUR/vAtCPy3/e/x/e+/BTeL0+
nHfWQtxw7VUQxWPPuY1NzXj6+VeweesOZGVm4JYbr8b0qRP7sMREREREFEuCLMtyrF9ULt8B/4sX
AgA0D2wH4kyxLgL1g/WbtuHWPz4Usu/O227EBeedGfF4i7UFu/ccQF2DGaIoIjszHWNHj0RSUqJy
zD0P/RkrVq1Ttg16PT55758wtjvmx+SLr1fgn/9+FxZrC85ZfDqu/80vkJiYAAB4+Z9voay8Alde
dhHGjRl1nEtKREREdGxi3gIil++A/6nTAJcluF2xA8KoBbEuxnHx/kef45kXlirbc06djqcfu/c4
lqhvHSoqCdt3uLgsbJ/P58fS1/+Dd97/H3x+f8hjGo0GH779MjLS0wAAu/ceCHnc5XajuqbuRxlA
du7eh0ee/Kuy/eH/vsTaHzZiyS3XIyBJePPdjxAIBHDtr684jqUkIiIi6p2YBpCO4UM89f8N+PDx
u9vvx+atO5XtSy86D3/43bXHsUSxtX3XXuzdd0jZzs8bhLmnzoh47MgRQ8P2jR9bGLbvL399BZ98
/k3EcwzOzVbCR9vz27eAJCYmIC83p9vlP5G8/9HnAIAFc2fh11degnc++BRfL1uFJfc+phwzfepE
DCvIP15FJCIiIuq1mAWQSOFDdfXrsXp5OkZbtu7Eq2+8p2yfvXhB1AAya8YU3HzDr/HuB5/C7w/g
gp+ciTNOnxtyTElZedTwAQDnnbUoZPsPv7sWgYCELdt2Iic7E7fd/H+Ij4/rxTsauA62tiBdedmF
GDVyGB68+1bMnjkNr7z2H9Q3mDFrxhQs+f31x7mURERERL0TkwDC8HHyuOLSC3DFpRdEfXzbjj0h
2znZmfjL4/chd1A26hvMSEyID3k8NSUZTzx8Z7+UdaD54K2Xw/adcfrcsBBHREREdCLr9wDC8EHt
WawtIdunzTsVBUMGAwAG5WQdjyIRERERUQz1awA52cJHc7MV36xYjZVr1qOyqgZ2hwPZWRmYM2s6
fn7xT3p0Lq/Phx/Wb8HXy1ejtKwctfUNMBmTkDsoG/Nnz8TC02YjNSU57HkOhxMLz7tc2dbptFj9
9X+xZfsufPnNSuzYtRcN5iYYDDqMHDYUixfOw9mLT4NGE/pVuPHWe8JaKwDgq29X4atvVynbLz37
GKZMGhfxtQHgg7f/gdycrKjne/u9j/H2ex9HPB8AfPjJl3jq+X8o29OnTsQLTz8c8ZpJkoStO3Zj
2Yq1OHDoMGpq6yGIAnJzsjFx/Gicd9YiDBsaefxEWXklVq1Zjx279qKkrBzNlhbotBqkp6ViwvjR
OGvRfEyeOC7icwdaGQKBADZt3Ylvlq9GUXEpamrrodNqkZOdiSkTx+GsMxZELQMRERFRf+u3AHKy
hY816zbi4T89B7vDGbK/7Eglyo5U4pPPvsH0qZO6da5Dh0tx3yNP40h5Zcj+unoz6urN2Lp9N/7+
6pu4/ZbrcO6Zp3d6Likg4YHHnsE3y1eH7Pf5fNiyfRe2bN+Fz75ajj8/ejeSTcZulW8gOlJRR0Ky
5gAAIABJREFUhUeeeB579h0Me2xfSxH2HSjCO//9FL/4+YW48dqroFKpAASv6TMvvILV328Me57P
54Pd4UTpkQr87/NvsXDBHNz3x5uh1+sGbBnKjlTg/seeCZuRzOl0odlixd79h/Dmux/hgvPOxM03
/BpxcYaI5yEiIiLqL/0SQDqGDxhMENIKIH36UOdP7CFh8CQIk8/v03Mei1Vr1uPOB57o9Bi7w4mV
a37o8lx79x/C9TffFTY9bUculxuPPPE8nE4XLrnw3KjH+fz+sPDR0e69B/DgY8/i+ace7LJ8A9HB
ohJc97s74fZ4ujz27fc+hsPhxJ233QgA8Hg8WLNuU7deZ8Wq76FSiXj43tsGZhkOFeP/br4THo+3
y/N88vk32H/wMF7+6+Mw6PXdem0iIiKivtAvAcT/4gVHwwcAuCwIfNo/lVvVz5+FeMbv++Xc3WFu
bMajf/5r2P6pk8dj8sRx8Pl8WPvDJpSUlnd5LmuLDXc98ERI+DDo9Th9wWzkZGfAYrVh9dr1qG9o
VB5/9oWlmDh+DEYOL+j03CqVCotOm4MhebmorqnD18tXw+fzKY9v3LId23ftxeQJYwEA55+3GKee
Mg0bNm3Dlu27lONGDi/A4oXzle3srIwu31d/nK9NS4sNf7z38bCK/7TJEzBp4lh4PB6s/WETyo4c
bU365PNvcP55izF61HDkDR6EhQtmY/nK7yEIAiZPHItxY0ZBo1ajpKwCq9auR/u1Or9dsQaX/eyn
GFM4YsCV4Y77Hg8LHzOnT8b4cYXweLxY/f3GkFa1g0XF+POzf8cDd93ao2tORERE1BsxX4iwzx3n
VdS/+va7kG5XgiDgoXv+gMUL5yn7rrv6F3hp6Rt4692PI51C8d+PvwgJF6NGDMNzTz6A5OSjXaN+
d/2v8OQzf8cXX68AAEiyjA8+/gJ3L/lt1PNqNBr8829PYtTIYcq+Sy46D1ffcBv8/oCyb8OmbUoA
ObM1FLhcrpDAMGxoPq687MJO30ckfX2+Nu9//AVq6xuUbZVKhcceuAML5s5U9t1wzVV49sVX8d+P
PseoEcNw/TVXYvSo4crjV112ETweL2658WrkDsoOOf+OXftw4+/vhtQuAKxbvzmk8j9QylBXbw4p
w5OP3IU5s6Yr+67/zZVKGdp89e0qXHbxT0O+G0RERET9qV8CiPqmT+B/agHgsgZ3GExQX/1a34cF
gwlCXvfGVfSXZd+tDdm+6Kdnh4QPABBFETde+0ts3roLB4uKo56rY1epO269PiR8AIBWo8GSW67D
mu83wGZ3KGXoLID84tILwiqYI4cX4MxFC5QgAwTHD5xovl62KmT7yssuDKn4A8Hr//sbr8Yp0ybh
1FOmQhTFkMdHjRyGPz96NwRBCDv/pAljcPaZp4dcp+IOrVkDsQxXXXZRSPhoK8OtN/0Gm7fuCGmN
WblmPQMIERERxUy/BBAhbxLUS1YdDSEuCwKfPgT1kpXHvcWir5VXVIdsL5g3M+Jxoihi0WlzogYQ
u8OBisrQc/3mxiXdKoPL7Ya1xQZjUmLEx6dOHh9xf8cVtVta7N16vYHC7nCgsqomZN/8OZGvv0ql
CquQt9dW8Xe7PbDZ7fB6fWhrb0hLDZ1trMVmG/hlmBv9e7hw/uyQxSUPdBKKiYiIiPpav3XB6hhC
5IrgwPQfUwhxud1h/f6TjdFnkkpJif6+nU5Xr8ridLqiBpD09NSI+xMTQxf9C0hSr8oQa5Gu2bHM
5NVsseK9Dz/DytU/4EhFVZfHt++2NlDLYDImRX1ucnLo99De2pJGREREFAv9Ogbkxx5CDHo99Dpd
SAhptlqjHt/cHP2xSNOhPvrAEhSOHB7h6HCZGWlRH1OrT/yhPpFEumbNFmuPBrJXVtfi+pvvgrmx
6UdVBou1JWoZmpstIdsJHVafJyIiIupPYteH9E5bCIEheFe4LYTAaenimSeGvME5Idur126IeJwk
SVi+cm3ExwAgIT4+bPDx1m27kJuTFfFfTlZGyHbHMQV9RehwXikwcFpJIl2zNRHW0gCC1z/SQoh/
e/n1kIr/T85ehI/fWYp1yz/ChpX/w4aV/8M9d/zuhCvD6u+jfw+/Wx06HXThCI7/ICIiotjp9wAC
/LhDyBmnzw3Z/vB/X2H5qu9D9kmShJdffQsHDnXe1/6sMxaEbH/82Td4/6PPIXXoGmWz2XHvw091
ub5HX4jvcHf9wKHikPK0nx72eOh4zd589yOs/SF0TQ1JkvDS0jdw46334KY/3It9+w8pj23csj3k
2F9ecTGyszKURQIBhMwudaKU4a13P8L6jVvDyvDCy6+htMNkA6fNm9XpuYmIiIj6Usz65kTsjvXi
hcHuWCewsxefjn+//YEyFa8sy7j3oafwv8++waSJY+Hz+fH9D5txuKSsy3NdeuG5+PzL5SFTuj7z
wlJ88vk3mDZ5ApJNRtTU1mPl2vWw2exYu24TcrIzMX5sYb+9v6EFeSHbRyqqcPPtD2DSxLEoOlyC
MxbOw6IFc/rt9bvS8ZoFAgEsuecxTJ86ERPHj4Hf58fa9ZtQXHIEALB1+25cfeMSvP6PZ1A4chji
4wxwudzK+b745jv85peXQaNRw+fz49vv1uDfb39wQpThsy+XKUHF7w/g1jsfxswZUzBhbCE8Xi/W
fL8xLHycvXgBZ8AiIiKimIrp4ICwEHJwFWAuA9KGxLIYfSotNRn33nFz2Erom7ftwuZtu6I8K7Kk
pEQ8+ejdYStql5SWR1zI0Of348HHnsX7b74Ucre8L02eOA5ZGekhoWjL9l3KWh4+n/+4BpBo12zz
1p3YvHVnxOecc+bpKGytdC9cMAfvffiZ8tjrb/0X7334GTLSUlHf0AiX2x3xHAOyDI/cjes6rIS+
YdM2bNi0LeJzRo4YijtuvaHLcxMRERH1pZh0wWqvLYQIk86HuOiWEzp8tFkwbxaefOQuJMTHRT1G
FASce9bCLs81asRQ/Hvpsxg3ZlSXxw7KzsJjD97Rb+EDCK478vB9t0cc6AwA6zdtg9l8bIOn+8qo
EUPx+ivPhCzMF83ll5yPu2+/Sdm+5leXh11rl8uNIxVVSsX/0ovOOyHKUDhyGF57+S8YMaygy2N/
cvYi/P3Zx2DQ67s8loiIiKgvHZfpkYS8SVD/9pPj8dL9Zv6cmRj/ZiG+Wb4aq9ZuQEVlNWx2BzIz
0jBj2iRceuG5aGq2hiwmF03+4EF45YUnsG3nHqxY+T32HihCXV0D3B4Pkk1GjB41AnNmTcMZC+dB
q9H0+3ubMK4Qb7/6V7z34WdYv3ErqmvrkRAfh7zBg7Bg7swBMYvSkLxcLP3bk9i8bReWfbcWBw8V
o7auHoIoYlB2JiZPHIvzzlqEYUND1z5JTIjHy88/ji+/XYkVK9ehqLgUNpsdRmMSJowrxIU/PQu5
Odl4v93q4d0tQ/vPunDksJiUYeiQPLz28tPYuGUHvl2+GkUlZaiprYdOp0NOVgYmTxyHxQvnYdSI
od28skRERER9S5CP9yhioh8hc2MzzvvZrwAAH7+ztEfT8hIRERH9mMW8CxbRyaCouFT5+ZfX/h5v
vvPhcSwNERER0cDBAELUD0zGJNx47S8xacIY2OwOvPjKGyFT7xIRERGdrBhAiPpYdU0d0tNScdnP
foLT589W9td2sZYHERER0cnguAxCJ/oxe+r5f4QtAphsMmLKpHHHqUREREREAwcDCFEfkiQJGemp
yMxIQ1OzFZkZaZg5fTJ+8fMLYTImHe/iERERER13nAWLiIiIiIhihmNAiIiIiIgoZhhAiIiIiIgo
ZhhAiIiIiIgoZhhAiIiIiIgoZhhAiIiIiIgoZhhAiIiIiIgoZhhAiIiIiIgoZhhAiIiIiIgoZhhA
iIiIiIgoZhhAiIiIiIgoZhhAiIiIiIgoZhhAiIiIiIgoZhhAiIiIiIgoZhhAiIiIiIgoZtR2u/14
l4GIiIiIiE4SbAEhIiIiIqKYUQuCcLzLQEREREREJwm2gBARERERUcywBYSIiIiIiGKGLSBERERE
RBQzbAEhIiIiIqKYYQsIERERERHFDFtAiIiIiIgoZtgCQkREREREMcMWECIiIiIiihm2gBARERER
UcwwgBARERERUcywCxYREREREcUMW0CIiIiIiChm2AJCREREREQxwxYQIiIiIiKKGbaAEBERERFR
zLAFhIiIiIiIYoYtIEREREREFDNsASEiIiIiophhCwgREREREcUMW0CIiIiIiChm2AJCREREREQx
wxYQIiIiIiKKGbaAEBERERFRzLAFhIiIiIiIYoYBhIiIiIiIYoYBhIiIiIiIYoYBhIiIiIiIYoYB
hIiIiIiIYoYBhIiIiIiIYoYBhIiIiIiIYoYBhIiIiIiIYoYBhIiIiIiIYoYBhIiIiIiIYoYBhIiI
iIiIYoYBhIiIiIiIYoYBhIiIiIiIYoYBhIiIiIiIYoYBhIiIiIiIYoYBhIiIiIiIYoYBhIiIiIiI
YoYBhIiIiIiIYoYBhIiIiIiIYoYBhIiIiIiIYoYBhIiIiIiIYoYBhIiIiIiIYoYBhIiIiIiIYoYB
hIiIiIiIYoYBhIiIiIiIYoYBhIiIiIiIYoYBhIiIiIiIYoYBhIiIiIiIYoYBhIiIiIiIYoYBhIiI
iIiIYoYBhIiIiIiIYoYBhIiIiIiIYoYBhIiIiIiIYoYBhIiIiIiIYoYBhIiIiIiIYoYBhIiIiIiI
YoYBhIiIiIiIYoYBhIiIiIiIYoYBhIiIiIiIYoYBhIiIiIiIYoYBhIiIiIiIYoYBhIiIiIiIYkZ9
vAtAREREA08gEIDL5YLL7Ybb7YEsSQAAQRSh1+tg0OthMBigUqmOc0mJ6ETDAEJEREQKv9+Pmto6
mM1mWKwtaLFa0WyxQmoNIKIoItlkRJLRCJMxCWlpacjOyoRazSoFEXWPIMuyfLwLQURERMefxWLB
3v0HUFtbB6u1pVvPMRqTkJWVibGjC2Eymfq5hET0Y8AAQkRERNi5cxfKK6vQ0GBW9qWmpiAnOwtp
qalKV6tAIABzYyOqa2rR2NikHJuenoa83EGYOHFCzMtORCcWBhAi6pVvV6zBi6/8G16vD7+84mJc
fsn5P4rXohPLPQ/9GStWrQMATBg3Gq+88MSP4rViZfuOndi3/wA8Hi8AIDUlBZMnT0CyyQSdTgeN
RgNBEAAAsizD5/PB4/Gg2WLB9u270NgUDCI6nRZjRhdi8qSJx+29ENHAxw6bRHTMWlpseOhPzyEQ
CAAAnn/pX5gxbRKGFeSf0K9FdDLZuXOXEj4EQcCwoQWYNXMG1Gq1EjraEwQBWq0WWq0WCQkJyM7K
wvoNm1BcUgqPx4t9+w9AFAS2hBBRVAwgRCeB5au+x70PPdXpMWq1CgkJCRg8KBtjCkdg5owpOGXa
JIhi9Nm6ZUCZGaeNVqPpiyIf02uZzU34evlqZXvRaXOQlZneL+Uh+jGwWCwor6xSwkfBkHzMmztb
eVySJBSXlKK0tAxV1TUAgEE52SgoGIJhQwsgiiI0Gg3mzZ0NSZJQWnYEHo8X5ZVVyM/P45gQIoqI
AYSIAAB+fwAWixUWixW79x7Aex9+hqzMdNxwzVVYvHBexDuhxqRE3H/X7/HS0jfg9wdw9S9/jsG5
Of1Svu68Vr25EX/7x+vK9vixoxhAiKLw+/3Yu/+AMuZj2NCCkPDh9Xqxd+/+YOuI16vsr6yqRkOD
GXabHWPHjoZWqwUALJg/F6Io4nBxCRoazNi7/wBOmT6Ns2MRURj+VSA6Cel1Ooiq0JYNj8erdG9q
U1vXgAceewar1m7AA3f9Hnq9LuxcZ52xAGedsaBfy3s8Xovox66mtg61tXUAgmM+Zs2coTzm8/lw
qOgw9h84CI/Xi4SEBKQkB1szmpotsNvt2H/gIDRaDUaNHAFNa2vkrJkz0NxsQWNTE2pr61BTW4fB
uYNi/+aIaEBjACE6CT3/1IOYOH5MyD5JkmCxtuDQ4VKsWPk9vvh6BaTWOSpWrvkBLrcbz/zpvk67
ZBHRiSEQCMBsNitT7U6ePCGkpaLFZkPZkXK4PR4YjUmYMH4chg0tAAAUl5Ri1+49sFpbUHakHNnZ
WUhNSQEAqNVqTJ48ActXrILV2gKz2Yyc7CwuVkhEIRhAiAhAcHGxlGQTZk6fjJnTJ+PiC87B/Y88
jfLKagDAhk3b8PZ7H+Oqyy8OeV53ZwRyuz1Ys24jVqz6HiVlFahvMCM+Lg7DCvIwb85M/OTsRais
qsGV19yiPOfjd5YiOyujy9e6/9G/4NsVa8Je87qb7wrZfunZxzBl0riQfZIkYeuO3fjqm5U4eLgE
1TV1MOj1yMnOxKmnTMXiRfORm5PVrWsYSWV1Lb785jts2bYLR8or4XA6YTAYkJWRjtGjhmPG9Ek4
dcZUxMUZwp7bm7L95sYl2Lv/EABg8cJ5ePje26KW8fZ7HsX3P2wGAEyfOhEvPP3wMb/fg4eK8fXy
1di5ex9qauvh9niQk52JMaNG4OzFp2HyxLERu/P19v12JdbXo7auAd+tXocdu/ahqLgUFksLZFlG
SooJYwpHYNGCOZg7e0bUinn77/rF55+DJb+/Dus2bMGy79Zi954D8Hg9+PyD1yM+tztcLhcsreEj
NTUFySZTyOfidntgsVgAACNHDEfBkHzl5kPBkHy43W5s3rINFosFbrdHeZ4gCEg2mZCamoLGxiZY
rC1wuVxISEg45rIS0Y8PAwgRRVQ4chieefIB/Pr622Cz2QEA/3rjffz03MUwJiX26Fw7du3DI088
j6qa2pD9Ho8XTc0WbN62C2+9+xFuuOaqPit/d9TWNeDhJ57Dth17Qva7XG40NVuwZ99B/PP1d/B/
V/8CV11+UY/v4v7n/U/w4itvhHVts9nssNnsKCouxadfLkOyyYgP3/5HSAjp77L1NWuLDX9+9mWs
WPV92GPFJUdQXHIEn321HKfNOxV3L/ktEhPiQ4450d5vNA6HEy8tfRMfffoVIs1yX11Th+qaOixf
+T0mjBuNJx6+U+naFI3P58PdDz6J71b/oOyLFFh7wuV2o8VqBQDkZGdBpwvtXpmSbMK8OcHxIOnp
aSGtI2q1GsakJACA1+tDwO8Pea5Op0NOdhYaG5vQYrXC5XYzgBBRCPalIKKocnOycO2vLle2XW43
Vq/d0KNzbNuxBzf94d6w8CEKAjTtKjV19WY8/Kfnjqmcep0OcXEGGPT6iPvb/qnajXupqzfj19ff
Flbh7VixlWQZL7/6Fp5+/h89KtOy79bir39/LSx8aCLMEnbqzGkhFcr+Lltfa7ZYcfX1t4eFD0EQ
wsq8cs0PuP3uRyG1m9HsRHu/nRFVItb+sDEsfET63Hft2Y87738i5FpE8vlXy0PCR6Tr2lNutwfN
lmAASUtNDSufwWBAXt5g5OUNhsEQGnbcHg8qq4Mtownx8cog9DYajQZpqakAgt+N9i0kREQAW0CI
qAtnn7EAz/3tn8p4kK07duOn557Rrefa7A788f4/hVTCL/zpWfjZ+eegYMhgiKIIs7kJy1auxSv/
+g9cbvcxlfHuJb/F3Ut+i30HinD1Dbcr+yONdQGCXX3uffgppQJm0OvxqysvwZmL5iEjPQ1erw+H
DpfgX2++jw2btgEAPv7sG0ydMgGLFszpVpne/eBT5efUlGTceduNmDZlAgx6PSRJQnllNTZu3o53
P/gUV11+UUzL1pckScL9jzwdEjDnzT4Fv7ryEhSOHAYAKC2rwBv/+QDftHaT27v/IHbu3ofJE8ed
cO+3Kwa9Hjf93//Dsy++ip9dcA7mzJqOgvzB0Om0cLrcOHDwMF5a+gb27DsIIBhCNmzahlNnTot6
zrbfvQVzZ+LXV16KEcML4O/Q6tBTsiQpwUelUkXtFtdRIBDAjp27cejQYQDAoEE5MJqMIce0D0iS
JIVNn01ExABCRJ1KTExAVlYGqmuCs+UcKa/s9nO/+nal0n0LAP7w22tx6cXnhRyTlpaCyy85H5Mn
jsO1N90BXy8rVt2xedtO7N57AECwJeaZJ+/H5Aljlcf1eh0mjBuNZ/50Hx547Bks+24tAODN/3zU
7UpvRVW18vPPLjgHc089OsOQKIoYkpeLIXm5uOTCc0MG9seibH1p3YYt2Lxtl7J90flnY8kt14VU
aIcNzcdD996G9PRU1NY14PprrlLGcpxo77c7zjh9Lk49ZSoSE0O7HcUZ9JgyaRyefvxeXHLl9bDZ
HQCA9Zu3dxpA2s750D1/UL4rHVsdYsHn8+Obb5ehvsEMQRAwfNhQTJo0IazlkYioK+yCRURdSktN
UX52Ol3dft4PG7YoP+fn5eJnF54T9djCkcM6fbwvfbPs6GKF8+acElLhbU8UxZAuaAeLipUg1pXc
nGzl52Ur1+LgoeKIYwI6zioWi7L1pbaB0kAwrP72//5f1Lvpv73uV3j0/iUhA8lPtPfbHaIohoWP
9kzGJIwbW6hsV1RWRz22zXW/ubJPZ6ATRFE5XyAQiPjdbM8fCGDZiu9Q32CGKIooKMjHlCmTEB8X
F3asLMtKq6coihA4cx4RdcAWECLqkrmxSfm5J4NfK6uPdsuZMnFslxWoiePG4J3/ftrpMX2hrF0r
zqq1GzDztPO7/dy6BjNysjO7PO7nF/8EDzz2DACgpLQc/++6PyAl2YRxY0Zh5IihGF6Qj3FjC5GW
mhzzsvWl/QeKlJ9nTJ3U48HRJ9r77a4Dh4rxxdcrsGPXPtTW1cPucEat5NtbW0KiycpM79VMbJHo
9Tokm4xobGqGubERgwbldNqqUl9fD7O5EYIgICcnG9OmTEZCfHzEY30+H8yNjQCAZJMx4vpBRHRy
YwAhok7ZbHbU1tYr2/l5ud1+rqpd4JC6uMMKAIEY9RWvb135+VjYbZ1XFtucuWg+7A4nXnzl30qr
UVOzBWvWbcSadRuV42adMhW3/e5a5A7KjlnZOpKlrj+baGztKs8pKZ3P5hTJ8Xi/XenN9QCAN/7z
IV5a+kb3X6+L3432LZB9xaDXI8kYDCDVNbUoHDWy0wDi8/mRlhYcWD5q5IhOZ7XyeDyobh0TlGQ0
sosWEYVhACGiTn21bFVIeJg6aXy3n5s7KBtHKqoAAJu37oQkSZ22gmzdsfvYC9oD8fHxMDc2AwBm
zpiC22+5rtvPTUtJ7vqgVheffzbOWjQfW7bvwp59B1F0uBQHikpgaR1wDQDrN27F1fsP4p3X/obU
lOQ+K1v76+zzdT6upm09iGORmJiApubgehHNrf/tiVh9FrG6Htt37gkJH+eceTrOPfN0pKYmh0xl
+9yL/1TWGulKfyz+aTAYYDIGp9JtbGxCs8WChISEqN3nMjLSle5W8QmRWz6AYJhqtljQ2NpqajIm
hc2iRUTEAEJEUVVW12Lp6+8o2wa9HvPnzuz28+fPmYl1reNAqmvq8O+3P8Cvr7o04rHbd+3F/z7/
tncF7qbRo4Yrg+m379wDY1Ji2LoUfSU+Pg7z58zE/DlHr1t9gxlrf9iM5158FT6fDy0tdnz21XL8
6heX9FnZktqNQThSEX3iALvDgUNFJT0+f5sxhUfLu3HLDrjc7h7d8Y7VZxGr69F+Qcyxo0fi/jtv
iXicXnd8uyWpVCqkpaXBaEyC1dqC7dt3ITsrK+J0wQDQ1NSMQ4eC3e1GjhyBQe3GOLXn9/uxfXtw
UgKjMQlpaWkDds0WIjp+ODKMiCI6WFSC2+58OGQWq6t/eWmPFiFcdPrckDEO//jX27j/0b9gz76D
cLs98Pv9KK+owqtvvIubb7s/bM2MntJ16EJibbFFPG7h/NnKzx6PF4888XzUtRg8Hi+++HpFj8vi
dnvQEuX1M9LTcPH5Z2NM4QhlX9uA6r4qW8GQwcrPJaXl2H/wcMTj3nr3417NPLaw3UxUNpsdf1/6
ZtRj33znQ/z176+FXJdYfBZA7K5HQ7vxUtHGPlTX1GHd+i0RH4ul7KxMZGUFx9A0NjVh/YZNUY+1
2W0or6hAeUUFbPbI32sAWL9hExqbgtcgKysT2VkDc4wOER1fDCBEBCA4X3+zxYpNW3bgib+8hKtv
uF3pPgUAM6dPxhWXXtCjc8YZ9Pjzo/eE3FX9dsUaXHPTHVhw9qWYc8bFuPSXN2Lpa+/0yfS7Gemp
IV1I/vvR53A4nACC3WqqWgfFz541LWS2pTXrNuKWJQ9g+8498Hq9AIJ3wlet3YDf3LgEjzz5V3z8
2dc9KstHn36FCy6/Fs+8sBSbtuxAc7NV6etvs9nx+VcrsHf/QeX4zIy0Pi3b7A7Tui6551GsWrsB
dkdw3ERNbT2ee/FVvP7Wf3v0vjo69ZSpmD5lgrL9/kef456H/oyDh4ohta41UXakAn/6y4t48ZU3
8J/3P8HFV16vTL0bi88CiN31yGlX4d66fTfefOdDJXDZ7A58s2I1rv3tH495zZu+pFarMXZ0IdLT
g9+94pJSrFq99pjPt2r1WhSXlAIIrp4+dnRhSLczIqI2/MtAdBK6ZcmDEFWh9x88Hm/UFogFc2fh
gbt/f0xdKcYUjsA///YkHnz8WZQeqYh6XEH+YJy5aD5efvUtZZ9a3bPXS0xMwOxZ05S+9Zu37cJZ
F/4SqSkm1NebsXjRfDx4960QRRGPPXgHrr7hdtTWNSjHtq1nodFo4PP5Qs79l7++gtkzpyGjtbLW
GYfDidff/i+cThfe/+hzvP/R5wCC61yoVKqwsGUw6HHO4tODx/RR2SZPHIdTpk3Gxi3bAQDmxmbc
ef+fgudQq/tsvRVRFPHwfbfjmhvvUBYjXLFqHVasWgdRECCIYtj3alB2Jka1LlLY359Fm1hdj3PP
PB3//fgLJWy++MobePGVN6BWq+D3H70OOp0WHo+3T16zN0wmE/JyB6GlpQUejxelZUcgiiJmzZwB
tVqtBPrCkSNROHJk2PNlWYbf78f6DZtQWnYEsixDp9MiL3cQTKaeT0pARCcHtoAQnYRQT7hxAAAg
AElEQVTcHg+cTlfIv0jhIyM9FffdeQsef/COXs1kM2rkMPx76bP486N348xF8zFyxFAkm4zIHZSN
BXNn4cG7b8Wb/3wubLaf+CjTfHbm1puuCen25fP5UFvXAEmWsXzlWjQ3BweApySb8NrLf8Hp808N
O0fHCm9SUgIevvf2bld4W2x2DBuSH7ZfkuWwim5aajKee/IBZGdlKPv6qmwP33cbJk0IXwm+fRnG
FI7A2YsXdP2mOpFsMuLVvz8VVl6p3XoQbeaeOgPPPvkAtO1axfrzs2gvFtdj1MhhuOPW6yF2GMzd
PnyMH1uIqy6/+Jhfo69NnDgBY0YXQqfTQpZlHC4uwZdffYuKykrYbDZ4vd6QmbpkWYbX64XNZkNF
ZSW+/OpbHC4uUcLHmNGFmDhxQievSEQnO7aAEBGA4KDUhPg45A7KxpjRIzFz+mScMm1Sn3Wh0Go0
mDf7FMybfUrUY/YdPLqmRGpKMuIMPQ89g3Ky8MbS5/DuB59i7bpNqKyuRWJCPIbk52Lh/NlITDwa
apJNRjz+4B+x/+BhrFj1Pbbv3Ivauga02OxISTaiYEgeZs+chrMWze90YbmOsrMy8PfnH8fBohJ8
v34Tdu89iNKycjS1hp/UZBNGjhiKU2dOxeKF8yO+z74omzEpES8+8yi+W/0Dln23FvsOHILF2oKk
xESMHjUcixfOw6LT5mDpa+9EfH5PmIxJePzBP2LfgSIs+25NsLz1Zng8HmRlpGN04QicfcYCTJ08
PuKsTv31WbQXq+tx4U/Owvgxhfj4s2+waesO1DeYodNpUZCfhzNOn4vzz12MDz75olev0dcmT5oI
URBQXlmFhgYzGpuasHzFKqSmpiAnOwtpqalKC2ggEIC5sRHVNbXKbFdAsNtVXu4ghg8i6pIgdzUB
ORFRL323+gfMOXV6yF3vjioqq3HlNbco3VLOWXwa7r/r97EqIhEBsFgs2Lv/AGr/P3v3HR7Fde9/
/DO7q94ligAhipAA0cEgqsEN45LYidu9dhw7rjdxfO0UO/U6juMk9u/mJnHs615ycVzjhmtsY4qo
oohmRO+gghCqqO7O/v5YtGhR25VWI0Dv1/PwPOxqduZ7zpyZne/OOWcKi1Tu53TEcXGxSk7uq1Ej
R9DtCoBfuAMCoEutWL1Ov3z4cSX37a2rr7xU500cq6GDU71PzD5WUqrVa3L19AvzffrEX3P15d0V
MtBjxcfHK2vyeSooLNKxY8dUVl6hivJylZaVe2cns9lsSoiPU2xcnOJPTrXbL7kvA84B+I07IAC6
TG1tnf7t1nu8g4ubCnE4WhwjIEn/ft03dd8PbrciRACtcLlcqqmpUU1trWpr6+Q+mYAYNpvCw8MU
ER6uiIgInvMBIGAkIAC61JJlq/XE0y+poPBou8vaDEO3ffcG3fbdG7rk6c8AAKD7kYAA6HKmaWrD
pq1avTZX27bv1qEj+Sovr5TLNBUXG6Mhgwdq4rjRmnfJHJ/ZoAAAwLmHBAQAAACAZejjAAAAAMAy
JCAAAAAALEMCAgAAAMAyJCAAAAAALEMCAgAAAMAyJCAAAAAALEMCAgAAAMAyJCAAAAAALEMCAgAA
AMAyJCAAAAAALEMCAgAAAMAyJCAAAAAALEMCAgAAAMAyJCAAAAAALEMCAgAAAMAyJCAAAAAALEMC
AgAAAMAyju4OAEDbDh8+rNdee03nnXeeLrroou4O55z1z3/+U2vXrtVDDz2k6OhoSWd23bcU77mk
urpaa9eu1datW1VUVKTIyEh95zvf0YABA7o7NABAJ3EHBM28++67+tWvfqWdO3e2u2xFRYX++Mc/
6rHHHpPT6bQgup5n165dKikpUXZ2ttxud3eHc8bbvn27HnroIb322mudbpPUffeorKzUc889p08+
+URJSUmaN2+eLr74YsXHx3d3aEFVWlqq559/Xn/961+1fv16FRUV6fe//70KCwu7OzR0k2Cev4Az
GXdA0MykSZOUk5OjlStXKiMjo81lN2/erNLSUl1xxRVyOGhOXWHMmDHKz8/XyJEjZRhGd4dzRqup
qdGCBQuUkpKia6+9ttNtkrrvHkuXLlVBQYFuuukmjRs3rrvD6TIrV65UaGio0tLS9NFHH6m6uloZ
GRnq06dPd4eGbhDs8xdwJqN1o5lBgwZp4MCBysvL09GjR1v9MjRNU6tXr5YkjR071soQe5RevXrp
pptu6u4wzgrZ2dmKiYnRjTfeqLCwsE6vj7rvHps2bVLv3r3P+fPK+PHjFRMTo9jYWE2bNk0lJSVK
Tk6WzUbnhJ4o2Ocv4ExGAoJmDMPQ1KlTdejQIW3evFkXX3xxi8vt2bNHR48e1cSJE5WQkGBxlEBz
l156aXeHgE5yOp0qLy/X2LFjz/m7Tk3Hs0RGRioyMrIbo0F34/yFnoQEBC0aNWqUPvzwQ+Xk5Gj2
7NkKCQlptkxubq4k6bzzzvO+V1FRoXXr1ikvL0/FxcVKSkrStGnTdN555/lcTKxfv14LFizQgw8+
qL1792rZsmUqKyvTqFGjNG/ePIWFhSk3N1c5OTkqKirSwIEDdcEFFygtLc0nBpfLpY0bN2rjxo06
fPiwwsLClJaWpilTpmjQoEE+y7rdbuXl5Wnt2rU6cuSIwsLCNGrUKE2bNq3NvuVOp1MbNmzQxo0b
deTIEUVFRWnUqFGaMWOG4uLiWixTaWmpli9frt27dys8PFxZWVmaMWOG7Ha7vvzySy1ZskR33XVX
sxgb6/XNN9/UnXfeqfT0dOXn5+uvf/2r5s6d65MMBlLXH3zwgX7yk5+oqKhIy5Yt06FDhzRgwADd
ddddzbb/7rvvKicnR7/85S+b1UtLA5+DtS9bqvem+zYiIkLDhw/XtGnT1LdvX+9ygbQBSaqrq1NO
To42btyokpISDRo0SLNmzWoxhtbqvqSkRMuWLdO2bdtUWlra7HO33nqrMjMzOxRfZ+JtrDd/2mtr
nw12nft7XEjSO++8ozVr1kjydO988MEHW4zzgQceUO/evb3rb6t9B6t9+nu8Na2fDRs2tFmPHVln
R9pR0zqoqKjQsmXLtHv3boWGhmrcuHGaNWuWIiIiOlRef84vgZTzdP62Z3/O7/5+B3T0GAqkrUvd
d64N5DutvX3b2fMbei77ww8//HB3B4EzT0hIiKqrq7Vz506lpKQ064ZVXl6ud955R3379tVll10m
wzCUn5+vp59+WkeOHNHYsWM1evRoVVdXa/HixQoNDdXgwYO9ny8oKNCmTZtUUVGhXbt2acKECUpM
TNSKFSvU0NCgY8eOKTs7W5MmTdKgQYO0bds2rVixQmPGjPGejJ1Op958800tWrRIKSkpmjJlilJS
UrRnzx4tXLhQcXFxPr8wrlmzRm+88Yb69OmjyZMnq0+fPtq2bZt27dqliRMntlgPTqdTb7zxhrKz
s5Wenq4JEyaob9++2rx5s3JycjRq1CjvF3djmUzT1MKFC5Wenq4RI0aourpaK1eulGmaSk9PV3R0
tJYvXy673a6RI0f6bM/tduu9995TaGioLr/8ctlsNlVWVmr16tVKS0vT0KFDJalDdW2aprKzszVu
3DiNHTtWmZmZSkxMbFbmbdu26ciRI5o1a5bCw8N9/paXl6f8/HzNnj1boaGhQduXLdX766+/rsWL
Fys5OVnTpk1Tv379tGfPHi1btkxZWVlyOBwBt4GGhga9+uqrWrVqlYYNG6YpU6YoJiZGixYtUkFB
gerr633K1lLdHzt2TE899ZSqqqo0bdo0ZWZmyuVy6fjx45Kk5ORkZWVlKTo6OuD4ThdovIG0V6vq
3N/jQpL69OmjlJQUbd26VcnJybriiis0evRo7z+n06mSkhLNmDFDUVFRfrXvYLTPQI43l8ult99+
WwsXLlRycrKmTp2q/v37a9euXcrOzlZWVpZCQkICWmdn21FjHTgcDn3xxRdKT09XRkaGnE6nVq1a
pYKCAo0fP96bDATz/BLIulpqk/62Z3/O7/4s05ljKJC2LnXPubaj32kt7dvOtkv0bNwBQasmTJig
7OxsrV27VqNHj/b525YtW+RyuTRt2jRvf+WEhATNnTtX48aN857AsrKy9NJLL+mrr75SVlZWsxO3
YRi68847vYPtoqOj9emnnyo6Olr33HOP99eYoUOH6qmnntLq1at19dVXS5JycnK0efNmXXbZZZoz
Z473yzMrK0uvvPKK3n//fQ0ZMkS9e/eW2+3WkiVLlJaWpptvvtkb8/nnn6/6+vpW62DVqlXasmWL
7r77bp9fkbKysvTMM89o0aJFuuaaa3w+U1hYqHvvvdd7ws/KytILL7yg7OxszZw5U3379tXw4cO1
fv16XXrppd4LKckz7evBgwd15ZVX+vxSdrqO1PXWrVv1gx/8oMtmEurMvjxdTk6Ovv76a1144YWa
O3eud3/NnDlTpaWl3i/rQNqA5NmfO3bs0OWXX645c+Z4tzd58mS9+OKLqqqqarecixcvlmmauvPO
O71lysrK0vPPP6/a2lrdf//93jgCje90gcbbkfba1XXeqL3jIiYmRr169VJcXJzeeustxcbGatKk
ST7rKCgo0I4dO1qMv7323Zn2Gcjxlpubqw0bNujCCy/UpZde6q2fGTNm6NixY97lAllnZ9tRo337
9umee+7x7oOpU6cqKipKK1eu1Pbt27137YJ5funIuhr52579Ob/7+x3QmWOokT9tvTM605Y7Ur7W
9m2w2iV6Jka6oVX9+/dXWlqatm3bpqNHj3rfN01TOTk5cjgcGjNmjPf9iIgITZ061efLxDAMZWRk
qK6uzvsLcVNjxozxmelj8ODBcjqdSktL87kVPHDgQIWHhys/P1+S58tk2bJliomJ0fTp031u44eE
hOj888+Xy+XSpk2bvO/X19fL6XTKNE3vezabrdkvT43cbreWL1+utLQ09e7dWxUVFd5/DQ0NysjI
UG5ubrOpEqdPn+7zy77NZtPIkSPlcrlUUlIiyXMB2dDQoO3bt/t8dvPmzd56aUtH6vqCCy7o0mlM
O7ovT+d2u7Vy5UpFRERo9uzZPgNybTabkpKSvMsF0gbcbrdWrFihqKgoTZ061WebUVFR6t+/v1/l
zM/PV0pKik+Z7Ha70tPTVVBQoLq6ug7F11I9BBJvR9tr42e7os6b8ue46Iz22ndn2mcgx9vKlSsV
FhammTNn+tSP3W736X7l7zo7246amjlzps8+MAxDkydPliSfadeDeX7pyLoayx1Ie/bn/N7eMp05
hprq6rbeme/NjpSvpX0bzHaJnok7IGiVYRjKysrSnj17tGnTJl1yySWSpL1796qoqEjTpk1r8wFo
pml6L8YkzxSD7Wmc+eP0X4gMw1BMTIy3v31ZWZmOHz+uUaNGtThbSL9+/SRJBw8e9H5+1qxZ+vTT
T/Xss89q2rRpGjZsWJv9ecvLy1VaWqrS0lI9+uijrS5XXV2t2NjYNsvV+OXbWAfDhw9XVFSU1q5d
6/2Vt66uTmvXrtW4ceMCHtTvT123F2Ow+bsvT1dZWani4mKNGDGi1V9GpcDbQFlZmUpLS5WZmdlq
0umP+Ph4HTlyRE6n0+ci4NixY4qMjPSOlwo0vpbKF0i8nWmvXVXn7Tn9uOiMQNt3R9un1PrxVlVV
pSNHjni7WgaitXUGs85bGm/Rq1cvSVJRUVHAsTXlb/37+70QaHtu7/zuz3dAMM/5pwtmWz+dv225
o+VrqazBPheg5yEBQZtGjhypqKgorV69WnPmzFFISIjWr18vSc26R0ieE9ymTZu0Y8cO7d+/Xw0N
DV0SV+MXWGu3shtP9k27qMyePVtJSUlatWqV3nrrLUmeAfRz585t8Ze7xtgnTJigKVOmtLgdu90e
0IVG48PswsLClJWV5e3L369fP+3cuVPV1dUt1mtLrKprqzXu2/a+4ANtA43LtzcQuz2TJ0/W1q1b
tWDBAk2fPl0Oh0Pbt29Xbm6uT9e5jrTRpgKNtzPttavq3F9nw0Me/TneGi8u/f0BwZ91dlWdNzq9
vQYSm786sq5A27M/5/f2lumKc/7purOtB7N8Xd0uce4jAUGbwsLCNG3aNC1cuFA7duxQamqqNm7c
qNTUVA0cONBn2b1792r+/PkKCQnR+PHjNWnSJEVHR2vnzp3Kzs4OelxS6ye3xguB07sbjBkzRmPG
jFFpaak2b96sf/3rXyosLNQPf/jDZnPvN55AbTZbuzM2dcTYsWO1aNEibdmyRf369dP69euVkJCg
YcOGtfvZrqzr7p76tHHflpWV+bWcv22g8W5FZ58unJmZqblz5+qLL75QTk6OJM+X9iWXXKIZM2Z0
OL7TBRpvZ9prV9X5ucLf461xn504cSJo6+zqOq+urm72+WCeXzq6rkDbsz/n9/aW6epzfksxWymY
5eup5wIEDwkI2jV+/HgtXLhQubm5qqqq8g4+P/3k+eGHHyo0NFT333+/z3z2bXVl6Kj4+HglJCTo
0KFDqqura3YLuKCgQJKUmpra4ucTEhI0e/Zs1dTUaNGiRSovL2/2q2V0dLQGDBig7du3q7q6Ouhz
9DeOsWnsdpWXl6d58+b59fTbrqzrxvWd/ouoVWJiYpSUlKRDhw6ppqam1S5BgbaBuLg42e12HT58
WG63u8Nf/oWFhVq2bJnuuOMOxcbGyul0KjExsVn76GwbDTTezrTXrqrzc4W/x1tsbKy3z73L5Wpz
Igl/19nVdd44PqDp54N5funoujrTnv05v7e2TFee809n9bk2mN9pPfVcgOBhEDra1adPH2VmZmrb
tm3Kzc1VeHi4d7aURm63W5WVlUpMTPS5eKmrq9PevXuDHlNjf97y8nKtWrXK57Z2Q0ODsrOzZbfb
fZ6kfPDgwWa3/svKymS321vtYz99+nSdOHFCS5YsaXbrvKCgQIcOHepUOaZMmaLy8nItXrxYUvuD
z6Wur+vGGUt2797t8/6hQ4d8Bqp2FcMwNH36dNXU1GjZsmU+9e50OpWXl+e9IA+kDTT+AltQUNCs
bAcOHNCWLVv8im/Xrl2qqalRZWWlHA6HYmNj5XK5mrWtjrTRpjoSb0fba1fV+bkgkOPNbrdr8uTJ
Ki0tVV5eXrN1Nf5aHMg6g1nnBw4c8Pl8fX29li5dKunUuSeY55fOriuQ9uzP+d2fZbr6nN9Ud5xr
g1W+nnguQHBxBwR+mTJlivLy8rR//37NmTOnxel0x4wZo5UrV+r9999XSkqKKisrtXHjRp95z4Np
6tSp2rt3rz799FMVFBRo6NChamho0MaNG3Xw4EFdc8013ueXVFRU6Nlnn1WvXr00ceJERUREaO/e
vdqwYYPmzp3b6i++kyZN0t69e7VkyRIVFhZq2LBhstvtOnjwoDZs2KBJkybphhtu6HAZRo4cqfDw
cOXm5iozM9Ov6Qq7uq5HjRqlpKQkLViwQGVlZerVq5d3+tPU1FS/L9Q7Y+rUqdqxY4cWLlyoo0eP
Kj09XbW1tdq0aZPKy8t17733Kj4+PqA2IElz5sxRXl6eXn31VU2fPl0JCQkqKirS/v37NXr0aK1b
t67d2EaPHq21a9d6+5A3lZmZqXnz5ik5OdlbjkDiO12g8XamvXZVnZ/tAj3eZs6cqY0bN+rNN99U
XV2dhg4dqtraWn399ddavHixHnjgASUmJga0zmDV+bp161RcXKzhw4d7HzrZOO134wxdwTy/dHZd
/rZnf87v/n4HdPU5v6nuONcGs3w97VyA4CIBgV8yMjKUkJCg0tJSjR8/vsVlLr30UjkcDm3dulXb
t29XRkaGbrzxRsXGxmrDhg1Bj8nhcOjGG2/Uhg0btGnTJn322WcKCwvTkCFDdMUVV2jIkCHeZWNj
Y3Xfffdp1apVysnJkdPp1IABA3TzzTdr1KhRrW7DZrPpuuuuU0ZGhjZs2KDFixfL4XBo0KBBuumm
m9r8rD/Cw8M1ZcoUZWdn+zxRvj1dWdfh4eG6++679fnnn2vdunWKjIzUqFGj9P3vf1/79u2zJAEJ
CQnRzTffrDVr1mjjxo365JNPlJSUpBEjRigrK8s7qDSQNiBJffv21d13363FixcrJydH0dHRGjt2
rO68807t2LGj3QTE7XZrzZo1ioqK0r333ivTNOV0OlVfX6/8/HwtWbJEr7zyih544AE5HI6A4ztd
oPF2pr12VZ2fCwI53hISEnT77bfrvffe09tvv+19Py4uTtdee6334Z+BrDNYdf7Nb35TZWVlWrly
pcrLy5Wamqpbbrml2R3tYJ5fOrMuf9uzP+d3f78Duvqc31R3nGuDWb6eeC5A8Bjus2H6EQA4A+zZ
s0fPPfecfvSjH3mnmWzq008/1ZIlS/TQQw8x+LKHM01TW7Zs0ZdffqmbbrpJvXv39mt8V1dYv369
3nrrLd1yyy1BvYAGgI5iDAgA+Km2tlaSVFxc3OxvNTU12rdvnwYPHuzzdHv0TDabTdHR0YqMjNQX
X3zBdKQA0ARdsADAT2lpaUpNTdUbb7yhnTt3ql+/fnI4HCorK9OGDRvkcrl02223dftUxjgzDBky
RHfddZceffRRbd261WeaZgDoyUhAAMBP4eHhuv3227V+/Xpt375deXl5cjqdSk5O1pQpUzR58uRW
H8yFnqWmpkbz589XVVWV0tLSNHr06O4OCQDOGIwBAQAAAGAZxoAAAAAAsAwJCAAAAADLkIAAAAAA
sAwJCAAAAADLkIAAAAAAsAwJCAAAAADLkIAAAAAAsAwJCAAAAADLkIAAAAAAsAwJCAAAAADLkIAA
AAAAsAwJCAAAAADLkIAAAAAAsAwJCAAAAADLkIAAAAAAsAwJCAAAAADLkIAAAAAAsAwJCAAAAADL
kIAAAAAAsAwJCAAAAADLkIAAAAAAsAwJCAAAAADLkIAAAAAAsAwJCAAAAADLkIAAAAAAsAwJCAAA
AADLkIAAAAAAsAwJCAAAAADLkIAAAAAAsAwJCAAAAADLkIAAAAAAsAwJCAAAAADLkIAAAAAAsAwJ
CAAAAADLkIAAAAAAsAwJCAAAAADLkIAAAAAAsAwJCAAAAADLkIAAAAAAsAwJCAAAAADLkIAAAAAA
sAwJCAAAAADLkIAAAAAAsAwJCAAAAADLkIAAAAAAsAwJCAAAAADLkIAAAAAAsAwJCAAAAADLkIAA
AAAAsAwJCAAAAADLkIAAAAAAsAwJCAAAAADLkIAAAAAAsAwJCAAAAADLkIAAAAAAsAwJCAAAAADL
kIAAAAAAsAwJCAAAAADLkIAAAAAAsAwJCAAAAADLkIAAAAAAsAwJCAAAAADLkIAAAAAAsAwJCAAA
AADLkIAAAAAAsAwJCAAAAADLkIAAAAAAsAwJCAAAAADLkIAAAAAAsAwJCAAAAADLkIAAAAAAsAwJ
CAAAAADLkIAAAAAAsAwJCAAAAADLkIAAAAAAsAwJCAAAAADLkIAAAAAAsAwJCAAAAADLkIAAAAAA
sAwJCAAAAADLkIAAAAAAsAwJCAAAAADLkIAAAAAAsAwJCAAAAADLkIAAAAAAsAwJCAAAAADLkIAA
AAAAsAwJCAAAAADLkIAAAAAAsAwJCAAAAADLkIAAAAAAsAwJCAAAAADLkIAAAAAAsAwJCAAAAADL
kIAAAAAAsAwJCAAAAADLkIAAAAAAsAwJCAAAAADLkIAAAAAAsAwJCAAAAADLkIAAAAAAsIyjuwMA
cObbu/+Q3nrvU7+XNwxDIQ6HoqIilBAfp/79+mjYkFT1S+7D9nuohgan9uw7qAOH8lVUfEzlFZWq
ra2XaZoKCw1ReHiYIiMi1L9fH6UO7K/BAwcoNDSk2+LNWbdJi7JXe1/Pu2iWJozL7PGxAEAwkIAA
CDq32636hgbVlzWotKxCe/cf0vJV65WUGK+Z0yZpZEaaDMNg+z1AdU2tVq3ZoA2b89TQ4GxxmZra
OtXU1qm0rEJHCoq0NneLQkNDNHbUcE2ZNFZxsTEWRw0A6EokIAA6xG63t/o30zTldrubvV9yvEwL
PvlKq3I26PJL56hf395s/xzldru1MidXq9duUn1DQ6vL2Ww2mabZ7P36+gat2/C1Nm7ZpplTJ2nq
5PE9JmkDgHMdCQiAgIWFhurHP/xeq393u92qrqlVZdUJ7TtwWLv27NeR/CLv348eO65/vPWhrpg7
W5kjhrH9c0xdfb0+/OQr7d530Of9EIdDaUNTlZ42WP2TeysqKlJhoaEyTVNl5RXKLyzWrj37tXP3
fm9S4nS6tGT5GjkcDk2eOKY7igMACDISEABBZxiGoiIjFBUZoeQ+vTRt8ngdOJSvRUtXqfDoMUmS
0+nUgk+/Uk1trSaNH832zxF1dfWa/+YHOlZS6n3PMAyNGZWhOTOmKCoqstlnbDabEhPilZgQr9Ej
01VWXqGFS1Zq154DkqQ+vRI1kTEPAHDOYBYsAJYYNLC/brnxW8oc7vuL/8Ilq3TwcD7bPwe43W4t
+HShT/LhcDh09RUX64q5c1pMPloSHxera6+apysvvUBDBw/UVVde3GaXNwDA2YUEBIBlbDabvnn5
hRqRMdT7nmma+uDjhaqprWP7XeB4aZn++OfnvP+60rJV67Rn3yHva5vNpuuunudT3kCMGZWhG759
uXolJgQrRADAGYAEBIClDMPQZZecr9iYaO97J6prlLNuE9s/i504Ua2cdZt93ps5daIGpw7opogA
AGcqEhAAlgsPC9P5Myb7vJe7casldyHYftdYkZMrp/PUNLtJifGanjWxGyMCAJypGIQOoFtkDk/T
4uzVOlFdI8kzc9KmLds0dfJ4tn+Wqaur16avt/u8l3XeOMunzS0uOa7tO/Zq34HDqqisUnVNrRwO
u6IiIzVwQLKGpw9R2pDUoG5z09fb9ekXS72v58ycomlTJrT7ueqaGj3xzHzv65QBybr5hquCGlt9
Q4N27z2gvfsOqaCoWNXVNaqtq1dYaKgSEmI1dPBATRo/SpEREe2u65mXXldZeS+8ousAACAASURB
VKUcDoeuvepSDRmU4v3bgUP5Wpu7WYfzi1RXV6+wsFAlJcTrojnT1L8HP3wTQOtIQAB0C7vdrpHD
07Ruw9fe93bu3m/ZBXhP334w7dy9X06ny/s6NDREYzIzLNt+VdUJLcpera3bdzf7m8vlUl1dvY6X
lmnT19vVL7m3rrz0AvVKOnfHlbhcLq3N3aKcdZtUXVPb7O81tbWqKahVfsFRrV2/RfMunuX3dNBO
p1P7Dxz2JiCLlq5Sznrfrnc1NbU6XFPo0yYAoCm6YAHoNqkp/XxeFxQVW3rR0tO3HywHDh3xeZ3S
P1k2mzVfL0VHj+mV199rMflo6Q5MQWGx5r/xwTkz89jpSssq9H+vv6/Fy3JaTD5Or5O6+not+PQr
5e1oXn+tqa2rlyQtWZbTLPloqldSvN/rBNCzcAcEQLdJGeB7AW6apoqPlaifRd02evr2g6Xx2SaN
Bp5Wrq5SXlGpN9752GfsTHraII0bM1ID+vVRRHi43G63So6XKW/HHq3f8LXq6utVV1+v9z/6Ut/7
zjU+kwGcCz7+12IVFZd4X/ft00sTx2VqyKAUb1mPl5Yrd9NWn7tv//pymQanDvCrO1ZtXZ32Hzis
VWs3trpMRHi4X+sC0DORgADoNlGREbLb7XK5Tv3qX1ZeadkFeE/ffrCUl1f6vI6Pi7Fku54HOXqS
D5vNpivnXaBRp3UlMgxDvXslanavRI3JTNdrb3+kqhPVqq6p1dLla/SNyy60JFarXHLhDP3z/c8U
Fhaq2TMma3h68ymQkxLjdckFMxQdFakly9dI8twJWb9xq2ZNO6/dbdTW1unLJSslSVFRkZo+ZYLS
0wYpJjpK9fUNKiwqlt3Bc1sAtI4uWAC6VXhYqM/rWotngurp2+8s0zRV39Dg815ERHiXb3f33gM6
kl/kfT1r2qRmycfpEhPidfnc2d7XeTv2qLLqRJfF2B2S+/TSvXffrLtuvaHF5KOprPPGKSL81L7a
ffLJ8+05dKRAx0pKlZQYr9tvvlbnTRituNgY2Ww2hYeHafCgFMvuggE4O3EHBEC3CgsL9c4EJUkN
TaZyZfvte+6VN3W8tNzv5dt7GGGgszG1FG/YaUlVV1ibu8X7/4iIcGWdN86vz6UNSVVsTLQqKqtk
mqb27Duo8WNGdlWYZzSbzabkvr2078BhSdLRY8dlmma743dcLtM7G1ZUJN2sAASOOyAAulVdve+v
5w6Lu2709O13lsPePN66k4OUu4rL5dLh/ELv67TBA2VvIY7WNJ0B6/CRwjaWPPdFNrlbZZqmaloY
uN6SKZPGKjGBQeYAOoY7IAC6VV2db5ejpl1C2H777HZ7Oxffbrlcps/yba7PFlgCZLfb5XA4fB5C
WFPr30VsR+UX+s4WtnX7bm3budfvz5vmqfqoOlEd1NjONs1nxWpQVFT7n5kycUwXRgXgXEcCAqDb
VNfUNpt2Ns6iAcznyvbv+O51bf79eGmZnnvlLe/rB++7I6D1+yM2JlrHS8u8r8srqoK+jaZOnJY0
uN1un4H8gair79q7NWeCYyWl2nfgsIqOHlNpeYVOnKhWbW29XC5XC13o3O2uz2azWTLOB8C5iwQE
QLc5dKTA57XNZlPvpES2f5bp0zvRJwE5fLhA6sIHKgbzDsu5+kDC6pparc3dorztu1VWXtHd4QCA
DxIQAN3m0GHfC/Dkvr0UEmLdaamnbz9YUvona3uTLlCH8wtlut2ytfAgwGAIDfUd5H7JBdN13gS6
BDVam7tFS5evsXxCBQDw19n3TQfgnGCaprbt3OPzXnraYLZ/FsoYNlgLTz4XQvI8KXv7zj3KHN72
tLgdFREe5vP6xImaVpbseT7/aplyN+X5vBcREa6hgweqf3If9UqMV1xcjCLCw+VwOPTZl0v19bZd
3RQtgJ6KBARAt8jbsUdVVaf68oeGhFg6HWpP334wxcXGKD1tkHY1eY7EmnWbuywBSYiP9Xl99Njx
LtnO2WbHrr0+yUdkZIQuPH+qRo0Y1u7UugBgJc5IACxXV1ev7BVrfN6bOH6Uz5SgbP/sMiNros/r
gqJibdyyrUu2lRAfp5joU1M1Hc4v9JnZykqnd5k7fVIBK63N/dr7f7vdppuu+4bGZGaQfAA443BW
AmC5fy1c5jNTUmREuKb6+SA5tn9m6pfcp1kXsoWLV+pYSWmn1tvak8qHDErx/r+2tq7buhFFRvg+
iK+sorJb4pCkoqPHvP8fOKDfOTvAHsDZjwQEgGVM09SHny1S3o7d3vdsNpuuvuJiS6b17Onb72pX
zJ2t2Jho7+sGp1Ovvf2hCoqKA15XQ0ODFnzylZ56/h8+Tz1vNGXSWJ/XS1es8fshepJn6t5g6Nun
l8/rfQcO+3U3ZmXOhqBsvymXGdjdlxMnqpVfGPi+AYDOIgEBYIlDRwo0/40PtPW0X6ovPH+qBqUO
YPvngIiIcF11+UVyOE51S6quqdVrb3+olTm5fj+r49CRAv3fGx94E7Wvlq7ymWVLknr3SlTmiFNj
TKqqqvXWe5/qRHXbA9Lr6uu1KHu1/vTky/pi0XJ/i9aqiPAw9Uvu7X194kS1VuTktrp8bW2dFnzy
VYtJVWfFRJ9K/g7nF6m0rPXpdw8eztf/vfG+z/TJAGAVBqEDCDq3262a2jpVVlZp/8Ej2rX3QLMp
Zx0Ouy67+HyNzsxg+10oMSFev/jx3V26jaZSBiTrxuuu1LsLPvcmAw0NTi1dsVa5m/I0ImOo0ocO
UlJivCKjImUzDDU0NKi0rEIHD+dr154D2n/wiM86Y2OilJgQ12xb8y6apfyCo97nXBQUFeu5V97U
eeNHa3j6ECUmxCskxKG6+noVHT2mnbv3a0veTtXWep4+v37jVqUNSVXakNROlfm8CWP00WeLvK+X
r1qvqqpqTRo/Sr16Jcptmiotq9C2nXu0YfM2nThRLYfDIZthqL6hoVPbbmro4IHK3bRVkuR0OvX2
+5/qwvOnKnVgf4WGhOjEiWodKTiqLXk7tWvPfkme9kESAsBqJCAAAlZXX6//98SLrf7dNM02u7j0
7pWoy+fOVv/kPmz/HDSgX1/dcuO39NG/FvskXpVVJ7Q2d4v313/j5HNC2qqrtCGpunLeBS0O0A8L
C9W/XXOF/vnBZyo57rmIrqur14qcXO9dCMMwWl3/yIw0DQ7C3afRI9OVt32X9uw75H1v45ZtrQ7C
DwsL1bVXzdOS5Tk6kl/U6e03mjZlvL7O2+lNao6XluudBZ9Larkepk0er8wRw/TSq+8ELQYA8AcJ
CIAO8bc7TVOJCXGaMXWSRo0Y5r34ZPvnprjYGH3n+m9q194DWrp8jYpbmCq3rcRjYEo/nT99slJT
+rW5nYT4WN1y47e0ZNkabfp6e7P90tI2+vRO0oysiRqRMdTP0rTvW1fO1YefLdLO3fvaXG5w6gBd
dslsxcfFKC4mRkcUvAQkNiZa3/rGJfrg44Wqq6/3+VvTeoiJjtK8i2dp2NBBMk1TdrtNLlf3zCIG
oGciAQEQdIZhyOGwKyoyQgnxceqf3EdDhwxUSv9ktt/DpA8dpPShg1RQeFS79hxQfuFRHS8tV3V1
jZwul2w2m0JDQhQdHamkxHj1S+6jjLRBSkyI93sbYaGhuvSimZo2Zbzytu/WvgOHPds4OSg9KjJc
MTHRGjign4YOSlHqwP5BL2dIiEPXfHOu9u4/pC1bd+pwfqGqa2pkt9kVHR2pAf36anRmhgY12XbG
sMHauWdfUKfuHTp4oO645TqtWb9Ze/cf8s62FhUZoaTEeI0cnqaRGUMVEhIiyTMJQubwYdq6fXe3
TWUMoOcx3MGaCgQAAAAA2sEsWAAAAAAsQwICAAAAwDIkIAAAAAAsQwICAAAAwDIkIAAAAAAsQwIC
AAAAwDIkIAAAAAAsQwICAAAAwDIkIAAAAAAs4+juAFpiLnuxu0MAAAAAznq2WXd0dwjNGG63293d
QZyu4Q6ju0MAAAAAznohL55xl/p0wQIAAABgnTPyDggAAACAcxN3QAAAAABYhgQEAAAAgGVIQAAA
AABYhgQEAAAAgGVIQAAAAABYhgQEAAAAgGVIQAAAAABYhgQEAAAAgGVIQAAAAABYhgQEAAAAgGVI
QAAAAABYhgQEAAAAgGVIQAAAAABYhgQEAAAAgGVIQAAAAABYhgQEAAAAgGVIQAAAAABYhgQEAAAA
gGVIQAAAAABYhgQEAAAAgGVIQAAAAABYhgQEAAAAgGVIQAAAAABYhgQEAAAAgGVIQAAAAABYhgQE
AAAAgGVIQAAAAABYhgQEAAAAgGVIQAAAAABYhgQEAAAAgGVIQAAAAABYhgQEAAAAgGVIQAAAAABY
hgQEAAAAgGVIQAAAAABYhgQEAAAAgGVIQAAAAABYhgQEAAAAgGVIQAAAAABYhgQEAAAAgGVIQAAA
AABYhgQEAAAAgGVIQAAAAABYhgQEAAAAgGVIQAAAAABYhgQEAAAAgGVIQAAAAABYhgQEAAAAgGVI
QAAAAABYhgQEAAAAgGUc3R2Av2pqarRixQq53e6grnfmzJmKiIgI6joBAAAAtMxwB/uKvgvU1NTo
8ccfV3V1ddDXHRERoZ///OckIQAAAIAFzoouWMuXL++S5EPyJDfLly/vknUDAAAA8HXWdMFq9Pjj
jwdtXT/72c8kKejdugAAAAC07KxLQCTJMIzuDgEAAABAB5wVXbAAAAAAnBtIQAAAAABYhgSkhyss
Kta7Cz7TsZLS7g6ly/SEMnaY25T5+Z/kev/Xcm/9vO1Fj+6W+dnjcpccsCi4s9+ZVGdnUiwAgJ7t
rBwDgvZ9+sViPfLHv2rUyAy99PR/t7rcb//wF23YvFWr1+Tqv3//KwsjtM7ZVEZz0VNyvX6v75s2
uxSVJGPIFNkv+qGMUZcGvF7XK9+TueLvsl32M9mveezU+69+X2b287JNu1nG8AvaXsfz/y73/nUy
tn4ux08XBRxDV3D+KkPuol2y/+fHso29IijrDOY+OJPqLNBYuqJuu3K9neF6/9cyP/m9jNHz5Lj/
s2Z/d2/9XM6/zJOiEhXyREk3RNicZW1fkkIiZCSmyMi8RLbLfiYjMTUo2zsT9MQyA2cC7oD0cLGx
0ZKkxMT4bo6k67RUxlVrcjX1gqt0+w8e6K6w2hYaKSNtmuffwPGSq0HuzR/L+Zd5Mj/6XVA24Xrv
lzKXvSD7VY/Ifvt8yREqc/27arjDkPM3Y5t/ICJOkmTE9AnK9s94wdgHZ1KdnUmx4MzWtO2nTZPR
e4jcxXtlLn5azt9Nlru8sLsjDL6eWGagG3EHpIf7zS9/rK3bdmjsqJHdHUqXORvLaPROk+MXK0+9
Ybrk+ugRmR89IteHv5Fx3nUy+o3o1Dbs3/6D7N/+g9/LO37wrswdS2UbeVGntnu2CMY+OJPq7EyK
BWe2Zm1fkjs/T87HZkiVR+Ve+XcZl/28m6LrGj2xzEB3IgHp4Z598VW9/d7H+v4dN+uWm65tc9nD
+YV67c33tDJnvcrKKzRwQH9dNneOrvvWFQoNDW3zs/sPHNJ7H/5LOes2Kr+gSHGxMRqWNljf/fdr
NHH8aJ9li4+V6PW3F2jZyjUqPlaixIR4zZ45VbfcdK0S4uMCjuf0Mt7+gwe0ddtOSdLWbTs19YKr
JEkvP/MnZY5Il+QZN/L62x9o+aq1Kjleqt69knT+jCzdeP3V6pWUELSy+s1ml/2q38q99i25C3fI
vfEDGf1+7unX/8nvZW79Uqo6JsX2kW30PNmu+JWMpEFtrvL0blnO34yV+8gWSZL7yBY13OGZ7trx
wBIZw2fL9eb9Mlf8Xe7TunG5j+2T+ckfZG79XKo4KkUneWL41qMy4vp5ljm4QeZXf5N7xxK5y/Kl
iDgZycNlu+znfnUfcR/Ilfnx72TuWi7VVsronynbZT9rffn8PJkfPypz+yKpukxGUqqMyTfIfvkv
pNDIdrfXolb2QWM92q/+ndzlhTI3fSjb8Dmy3z7ft86+/Uc5fzlM7uK9st/1hmxT/s1n9ebK/5Pr
5Vtlm3C17Pe8H1Cd+bMPWt1/AdRtQDFZvM+6ZJ+3tb3iPTI/+YPc276Su6LI00WvzzDZJn1btov+
89RynThGpQ7UYye31xqjf6aMQZM85T1x/NT2/GwT3vPNVb+VKotlblwgVRz17Kfzrpf9yl9LIeG+
ZfGjXXdHmb1l+eZvpIqjMjd8IJ0okZE0WLbZd8t2yY9kLntR5tJn5c7fJkXGy5ZxvmzX/0lGQopv
GQ9u9Ozfndme/dt7qGzn3yX3gfUyV/9D9huflO3CH3a4DMCZii5Y8Mu2Hbt18x336f2PPldoaKhG
ZAxT8bESPfns3/XDnzyk+vr6Nj//3Muv6+33PlZ9fb0yR6QrMiJcq9fk6gc/+pUWLT31q9OuPft0
423/qTf+uUDl5RXKGDZUJ6qr9eY7H+p7//ETlVdUdjqekcOHKWPYEElSZGSEJk8ap8mTxikyMkKS
tHP3Pt18x316+72PVXXihNLThqi8vEKvv/2BbrrtXu0/cCgoZe2Qk/2Q3VUlcu9ZJedvJ8hc8Xep
rlJG8nDpRKnM7BfkfHic3Ac3BLRqI3W8Zx2ST3cERbbePc+9d7WcD4+TuexF6USp545AXZXM5S/L
+cgkqaJIkuR69+eei19nvYwBo2WERsq9a7lcf7vSE38b3F//S84/Tvd8yZtOGQNGyV28R67n/k3u
Y/ubL78zW87fnSdzzRsyHGGe5SuOyvz4UTkfmynVVwdUL8002QdNuT75g8zF/ytDhhQ/oPnnDEO2
C+6RJJlfPdnsz+ZXf5Mk2S6+z7M+P+vM333QkkDr1u+YLN5nXb7PT1dZLOfvp8pc/rLcdVUy+o+S
DEPunUtlbv3iVFydPEYDrscgnxN81p2fJ/eB9ZIkY9gM7/uBHtvmx4/KXPSUDJtDRq/BchftkvnJ
7+V89nrf7fnZrrujzKfK8nuZS5+TEREnxfSRu2inXG//RM6Hx8k1/y65j+6W0Tddqi6TufYtOX8/
VaqpOLX+vC/l/MNUmbnvSQ21MpKHy11eINdbP5K5/t0Oxw2cDbgDgnaZpqmH//AXNTQ06Mn/eUST
J46TJDU0OPXcy//QP958X+988JluvP6qVtfxwP136567b1FK/2Tve598vki/e+wJzX/9HV04e7pM
09R//e5Pqqys0lVXztWP7rlD4eFhqqur15+eeE42u00ul6vT8fz0vru1ak2ufvSz32rIoIF68k+P
+JT1oUf/pMqqE7rmqst13z23KTQkRLW1dXr8L0/rsy+W6JHHntDLz/ypU2XtEGed3PlbJUlG4iC5
XrhJqquSbep3ZL/lBc+vh7WVcr30XZkbPpDrxZvleORrv1dvv32+zPXvyvXMtS12R2jGbcr1/I1S
baVsk2+Q/dYXpbBoqe6EXC/fKtnscrucMiTZb31ZqimX0T/T+3HzqyfleuM/ZX7+37LNuLXlbbic
cv79dslZJ9u0m2X/7vOectZXy/XKbTLXvtU8ppdvkVwNsv9wgWzjv+mtO9cb98lc+pxcnz0u+1W/
9btefDTdB0mDT/tbrex3vyXb5Otb+KCHbdYdci34jdx7Vsp9cKOM1PGesHctk/tAroyB42QMnyPJ
zzoLYB80E2jd+huT1fusq/d5C8y8hVLVMRn9M+X4zUbJHuIJ5eBGKTTiVFydOUY7Uo9BOie4i/fI
+ccm56macrkLd0imS7ZZd8g2/tS5NeBj2236DJw3174t13M3yL3pI7kLtnsSDX/bdTeV2csw5PjJ
V55j1u2W69X/kJn9vNxHtsjIvFiOe96XwqLlLt4r5yMTpbIjMte8IdvsuyXTdWr/Tr5e9ltf8pTR
We+pu6XPtRszcDYjAUG7du3epwMHDysyMkLzX39X818/9ctMbW2dJGlx9so2E5CY6GgtW7FGL7zy
usrLK+QyTdXVee5S7Nl30Lud/QcOKzoqUj/+4Z0KC/N0owoLC9WvHjw1S8mOnXs6HU9bZd1/4LBi
[...]
G8g/AUCOcBE6MIS0t7fr2muvdZcnT56s1atXa/Xq1b2u8+abb6YtL1++XGVleyf7+upXv8pFs0NQ
97uZcQYk/7zbRTYhorKyMm25ra2t36Fb6NmhVW16r7Hr++il7eWqHp3ZXCB/27F34tVDKtv7fG1J
D7f3PaSyXd8+5CP9+I0pkqQbX5+quePa3UAEwF8EEGAIefrpp1VbW+sub9u2TT/72c+yeo9f//rX
acsXXHABAWQYMPqbVQ2DNmXKFPfxzp07ZVlWRmdCvEO3JCkSieS8bcXi1P2b9EBNlSTpDx9U6tyD
dqfd3aonti396YO9ZywW7t80oL/7/Jn1WrurTKu2jVbcNPS/XzpAKxZuUFmIIXWA3xiCBQwh3lma
MTy8+eabWrFihVasWKE//elPGa/Xfe6QioqKXl6JXJkzZ477uKOjI21ekL54b98bCAQ0atSonLet
WBw+vk2zxnTNx7GpJap73+t/XqOHPxynf+7pOogyrTyhBRMHPgTuhqO2av/yrskIP2yJ6vq/7zfg
9wIwcJwBAYaQI444QsuWLctqnRdeeEEPPfSQu3z99denDQ+JxWI5ax/2tXnzZveOZYFAQAsXLlR5
eXm/67311lvu41AolHZ0Hvlx9NFHpy2/8MILGd1dbu3ate7jgw8+mDMgg3TtEdt0wbPVsmxD//9b
k1QStPSVg+rV00nAJ7eM1g/W7r1o/P8cvlWBQZwsLA+bumVBrS54doYSlqG/bB6jw6ra9KUZ+04m
CiB/CCDAEHLAAQdkfbvd7kfSTzrpJE2YMCGXzUIfZs+e7T62LEvPP/98vzObt7a2ps39cfTRRzNM
zgcTJ07U4Ycf7gaK++67T1/4whf6DOl1dXVpc3+ccMIJeW/nSDdvXLu+e2idfvj6VNmSbn5jih6r
HauzPrZH0yviMgxbW1ujemrraP1tx94wf9mcHTpm4uCvlfr42A5999A63fCvYPPjN6bo4Mp2zWGm
dMA3DMECgEGorq7WJz7xCXd52bJlamrqe4z6HXfc4c5wL3XNug1/fO1rX3Mfb968WTfffHOvt9W1
LEs//vGP035/1lln5b2NxeDLM3Zr6ZFb3AvG39lTqpv+MUWXPz9d//nXA3XD2qlu+Agatr5x8Hb9
r3n7zmQ/UP9WvVtnHNA1K3rSMnTlSweoJZH93CQABoYAAgCD9M1vftN9XFtbq8svv1wbN27c53Xt
7e269dZbtXz5cve5mTNnps0zgfw67rjjtHDhQnf5gQce0JIlS9ICodQ1Geg111yjJ554wn3u/PPP
Z0LQHDp7+h49cvp7+rfq3RoT2XdiwbKQpc9Ma9RDp72vi2fvzPnff83hW3XgqLikrtv8XvvafrIH
MEM7gOwxBAsABunYY4/VpZdeql/96leSpH/84x8644wzdNRRR2n27NmKRqPasWOHVq1alXb715KS
Ev34xz/mmgKfXXvttXrvvfe0efNmSdLvf/97PfHEEzrllFM0duxYbd++XatXr06bOb26ulrf+MY3
CtXkEWtSLKlrDt+m7x1Wp9qWiHZ3hmVLGhdNaVpFXJF+7pDlOH1ao06f1pjV310asvSnT783gFYD
GCwCCADkwLe+9S2Vlpbqpz/9qTtk59VXX9Wrr77a4+snT56sn/3sZ5o1a5afzYS65mC599579Y1v
fMOdR6e1tVUPP/xwj6+fM2eO7rzzTu5UlkdBw9aBo+LuGQkAIxtDsAAgBwKBgL72ta/pD3/4g77w
hS+opKSkx9cdcMAB+s53vqOVK1em3RYW/po8ebLuv/9+XXvttdpvv55vxVpdXa1rrrlGDzzwwD4T
RwIABs6oq6tjxCOKhmVZsixLqVRKra2tmjt3bqGbVLRqamoUi8UUCAR6nITPtm1ZliXTNNXW1qaP
f/zjBWjlwCUSCdXU1KihoUGJREIVFRWaOHGipk2bVuimZe39999XLBZTMBiUYRj71Mu2bdm2LdM0
1d7erpkzZxaopQNjWZZqa2tVV1eneDyuiooKTZo0Sfvvv3+hm5a19evXq6ysTMFgsN9tq729PW2Y
GfxlGIbKy8sVCoUUCAQymhQTGCkYggUAeRCJRDjDMUwEAgFNnz5d06dPL3RTAKAoELcBAAAA+IYA
AgAAAMA3BBAAAAAAviGAAAAAAPANAQQAAACAbwggAAAAAHxDAAEAAADgGwIIAAAAAN8QQFC0DMOQ
bduFbkZRsm27xxmae0OtCodaDR8DqRUKh88fxYwAgqJlGIY6OzsL3YyiFI/Hs+4oUavCGEit4vF4
HluE3nR2dhJAhgnLsvj8UdQIIChagUBATU1NhW5GUWppaVEgkPnXTyAQUHNzcx5bhN40NzdTq2Fi
ILVCYViWxeePosb/fhStQCCgXbt2MVzEZ7Ztq7GxMeuOUn19PbXymW3bamhoyLpWDQ0N1Mpntm2r
vr4+61rRCS4MAgiKHf/7UVS8p7ydxx988EGhmlOUtmzZMqD1DMPQpk2bctwa9KW2tlaGYbg//fG+
tra21ocWwrFp06YBDekJh8NKpVJ5aBF609HRoXA43OP+CCgWBBAUHW8nKRQKqbGxURs2bOCIbZ7Z
tq1NmzappaVFoVAoqw5tIBBQMBhUc3OzampqqFWe2batjRs3qqWlRcFg0H2+tyDS/flgMKiWlhZt
3LiRWuWZbduqqalRc3OzgsGgAoFAVoExFAopHA5z3Y4PbNtWe3u7AoGA+x2Yaa2Akcaoq6tj74Ci
Ydu2LMuSZVlKJpNKJpOKx+OKx+OybVsTJ05UZWWlYrEYO4UccHa4e/bs0a5duxQKhVRSUqJIJKJg
MKhgMNjnDtipVSqVUjKZVCKRUGdnpyzL0sSJEzVu3DhqlSNOrRoaGrRr1y4FAgGVlpYqHA4rHA6n
dW57W9+yLJmm6W5bHR0dsixL48ePp1Y55K3Vjh07FAgE3O0qHA4rFAr1ObzKtm3Zti3TNGWaprtd
dXR0KBAIKBwO91lrZM75nJ1tIhKJKBqNKhqNutuWUys+bxQTAgiKirPj7d5RSiQSSqVS7o/zOgyO
s2MNh8NpO9xQKOR2kvra6Xpr5YQQ708qlZJlWdQqB5wzTeFw2O3IeuvV35F177bVvVaJRELJZJJa
5YhTK+fsRfda9RcWJaXVyluveDzu1sqyLB//VSOT92y78+PdvrI9awWMFKFCNwDwk/MF792BO5xh
PpFIhE5SjniHTzmdJaeDlOnO1vseTl28nWVqlRtOB8g5M9W9Vv11kLzblrdWktJqRb1yw/sd5vxk
Ejy6v4d3iJ3zXDgcJizmkHfb8n4PeoMH4QPFhgCCouPsuLs/FwwGZZomO90cc86CdO8gZbLTdX7v
rZc3kHCENre8n63zk+3QEO97OMumadKhzYPutcrmaHpPB2Ocx5z9yD1vuPfWiqFXKFYEEBStnjq1
oVCIo7Q55L2I3LuzzfYorbS3Xt3PiFCr3PCGwu71yuaiZodz5qR7rahXbvRUq2yH8ngPxnjfzwmL
1Co3etu2uA0vihkBBEXJMAzZtp3WIeYIbX54d74DHW7gDSFOvegg5Ye3o+Q9Sp7N+t738dYLuZWr
bcupD9tWfnm3q4FsW8BIQgBB0fJ+8Ts7BHa6udd9RzvQHa53fadO1Cv3ctE56n4mhA5tfrBtDS8E
D2AvAgiKXvcggvzIxWfb/T2oV37k6nNl2/IH29bwwecKdCGAAP/CjmH4oFbDC/UaPqgVAD9wBRQA
AAAA3xBAAAAAAPiGIViAh3P/ey6azY3ut57MJWqVW9Rq+KBWw0c+awUMZwQQQF07XdM0VVFRodLS
UoXDYcZC54Bt20omk+ro6FBra2tOdsJOB6m8vJxa5RC1Gj7yVat4PK54PO5OHInccObCiUQiKikp
IYgAkoy6ujoOcaCopVIpRaNRVVZW0jnKI9u2tXv3biUSCXeW7GxRK384tYrH4wqFBnacilr5Ixe1
Mk1TbW1tisfjOW4duotGo4rFYgOuFTBSEMNRtGzblmmaikQiqqqqopOUZ4ZhqKqqSpFIRKZpZr0+
tfKPU6toNDrgWkWjUWrlg1xsV4QP/8TjcbW1tck0TYa4oagRQFCUnPHNpmmqqqqq0M0pKpWVlVnP
Om/btizLolY+G0ytKisr89gydFdVVTWgWjnDruCfRCKhzs5OrrNBUSOAoOg4X/imaaq8vJwjtD4z
DEPl5eUZjzF3gmJZWRm18plTq0yP1jq1Yrvyn2EYKisry+rIumVZSiQSeW4ZeuJcayMx6zyKEwEE
RcmyLKVSKcVisUI3pSjFYrGMOkrOEUJqVThOrTJlmia1KpBYLKZUKpXRkXUnLKZSKZ9aBy9nH8TF
/ihWBBAUFWfH7L3+A/4Lh8NZnwGhVoXh1Kq/Tq3ze8uyFA6HfWwhHM51INmcAeHoe2E432vefRJQ
TAggKDpOJymVSjFMpEAMw+i3U9s9LFKrwjAMI+shWNSqMLy1ymTb4uh7YTlnQAgfKEYEEBQldr6F
l+mOl6ODhZfJUVqO5A4NmdaA78DCI3ygmBFAUHToKA0f1Gpo8H7+PdWiv9/DP2wzwwe1QjEjgKCo
0FEaOrK9XSgKJ5uj6tSqsNiuhg/2RyhmBBAAAAAAviGAAAAAAPANAQQAAACAbwggAAAAAHxDAAEA
AADgGwIIAAAAAN8QQAAAAAD4hgACAAAAwDehQjcAQLqamhq99dZbOXmvCRMm6LjjjsvJeyFzdXV1
WrNmjd58803t3LlT8XhcY8eO1YwZM3TEEUfoyCOPVCDA8Z9CsyxLb775ptasWaPa2lrt2rVL4XBY
kyZN0vz583XyySdrzJgxhW4mAIw4BBBgiFm7dq2WHHU+UQAAIABJREFULFmSk/dauHAhAcRHTU1N
uu222/S73/1Opmn2+rrq6mp9//vf14IFC3xsHbzWr1+vG264QWvXru3x97/73e8UjUa1ePFinXfe
eQoGgz63EABGLg7BASNYaWlpoZtQNOrq6vTFL35Rv/3tb/sMH5K0ceNGLVq0SPfee69PrYPX2rVr
de655/YaPhzxeFw33nijrrvuOlmW5VPrAGDk4wwIMMTMnTtXV1555YDW3b17t5YvX+4un3nmmblq
FvqQSCT0ta99TZs3b3afmz17ti6++GLNmTNH4XBY27dv15///Gc98MAD7mt++MMfatq0afrkJz9Z
iGYXpR07dujyyy9XR0eH+9znP/95nXnmmZo8ebLa29v14osv6s4773Rf8/vf/17777+/LrvsskI1
GwBGFAIIMMTMmzdP8+bNG9C63vBRXV3N8Cuf/OlPf9L69evd5dNOO0033XSTSkpK3OemTZumo446
Sscee6yuuOIK9/mbbrpJJ5xwgkIhvo79cMstt6ilpcVdvvXWW3XGGWekvWbevHk69dRTdfHFF2v7
9u2SpGXLlumUU07RgQce6Gt7AWAkYggWMEJ0dHSkBZBLLrmEces+efTRR93HFRUVuv7669PCh9ep
p56qiy66yF3+8MMP9c477+S9jZBqa2u1cuVKd3nRokX7hA/HgQceqDvuuMO9WYBpmgyZA4AcIYAA
I8QTTzyh+vp6SdKYMWP06U9/usAtKg4dHR1p1xKcccYZGj16dJ/rfP7zn09b/uc//5mXtiHdU089
5T4OBAJpQbAnc+bM0bnnnusu//GPf0wbugUAGBgCCDACpFIp/epXv3KXL7zwQsVisQK2qHg0Nzen
LVdXV/e7zrRp09KWGxoactom9OzVV191Hx999NGaOHFiv+t89rOfdR8nk0m9++67eWkbABQTAggw
Ajz33HPatGmTJCkUCumcc84pcIvQl+5D42zbLlBLiot3qNvcuXMzWmf27Nlp1+e88cYbOW8XABQb
AggwzNm2rbvvvttdPuecczRhwoQCtqi4VFZWpp1t+uCDD/pdZ+vWrWnL3c+IIPcsy9KePXvc5Uwn
GIxEIpo5c6a7XFtbm/O2AUCxIYAAw9xrr72mf/zjH+7yV77ylQK2pviEQqG0C5kff/xxNTU19bnO
E0884T4OBAI65phj8tY+7OWdfT6ZTGa83tixY93HDJcDgMEjgADD3D333OM+PvHEEzVr1qwCtqY4
XXzxxQqHw5K6rglZunSp4vF4j6995ZVX9POf/9xdvuSSSzhj5YNAIKBJkya5y93PQvXFe4Zr9+7d
OW0XABQjAggwjL333ntavXq1u/wf//EfBWxN8Zo+fbpuvfVWd/nPf/6zzjvvPD3xxBOqra3Vjh07
tG7dOt1888265JJLlEqlJHUFRu+cIMgvbzhfs2ZNvzPWO9ra2tzHTu0AAAPHzFfAMPab3/zGfTxz
5kwtWLCggK0pbqeeeqpuv/12LV26VLt379bbb7+tb33rW72+/itf+Yq+/e1vu2dOkH8nnHCCnn32
WUnS9u3b9corr/Q7WefatWv10ksvucvUCwAGjwACDFN1dXX64x//6C4vWrQobYw7/HfKKaeorq5O
P/rRj/p83ZFHHqmvf/3rKi8v96llkLoCSDAYdM983HbbbTriiCMUjUZ7fP3WrVt19dVXpz1XVlaW
93aid4lEQr/97W8HtO7pp5/OcEdgiCCAAMPUihUrZFmWpK47MTHxYGHt2LFDV155ZdpcE8FgUNOm
TVNpaam2bNmilpYWSV03Djj99NO1dOlS6uajqVOn6vzzz3dnNH/rrbf0/e9/X0uWLNknDL766qv6
7ne/q48++ijteebXKSzTNNNms8/G8ccfTwABhggCCDAMNTY26v7773eXL7zwQpWWlhawRcWtoaFB
l112md577z1J0qhRo3TVVVdp4cKFqqiokNR17cC6det022236bXXXlNTU5O++c1vatmyZTrttNMK
2fyicumll+qZZ57Rtm3bJEkrV67U888/r9NPP11TpkxRW1ubXnnlFa1bt06SNHr0aMViMTeIZDJ5
IQCgbwQQYBj6wx/+oI6ODkldY9K/8IUvFLhFxe2aa65JCx8rVqzQjBkz0l4TCoV0+OGHa/ny5brq
qqv0+OOPS5K+/e1v65FHHtnn9ciPqqoqLV++XBdeeKG2b98uSWpqatIDDzywz2snT56sn//851q8
eLH73NSpU31rK/ZVWlqadvAlG5FIJMetATBQDBgHhpn29nYtX77cXf73f/93VVVVFbBFxe2NN95w
L2yWpKuuuqrPMBEOh7VkyRJ3IjzTNNNuy4v8O+CAA/Tggw/q7LPP7vG6qdLSUl100UV6+OGHNXPm
zLTJB/fbbz8/m4oeRKPRAf0YhlHopgP4F86AAMPMn//857S5CM4999wCtgZ//etf3cfhcDijazpG
jRqlc845x53B/i9/+YtuuOEGri/w0cSJE/WjH/1IV155pd555x3t2rVLgUBAEydO1MEHH+xeE7J+
/fq0W+/OmzevUE0GgBGDAAIMI6lUSnfddZe7/KlPfYqhOwW2YcMG9/HMmTMzDhGzZ892H5umqS1b
tjCJZAFUVlbqhBNO6PX3r7zyivv44x//OBcxA0AOMAQLGEZWr16tDz/80F2+4IILCtgaSFJnZ6f7
uKSkJOP1uo9HTyQSOWsTcsM0Tf3pT39yl08//fQCtgYARg4CCDBM2LaddvZjzpw5OuqoowrYIkhd
R9AdW7ZskW3bGa23c+fOtOVRo0bltF0YvEcffdS9uQA3ewCA3CGAAMPEa6+95t4aVGLiwaHioIMO
ch/v3LlT69evz2i95557zn0ci8U0adKknLcNA/f6669r6dKl7vJ5552n8ePHF7BFADBy0HsBhgnv
na/Gjx+vhQsXFrA1cHS/fuAnP/mJkslkn+s899xzevHFF93lU089tdfZuOGvZDKpBx98UBdeeKE7
vG7SpEn6r//6rwK3rDisWbNGd999t1avXp3x2UQAww8XoQPDwPr169OOmC9atCir6w2QP7NmzdJn
P/tZPfroo5KkF154Qd/61rf0ve99T1OmTEl7bSqV0sqVK9OOrAeDQX31q1/1tc3o0tHRoUQioYaG
Bm3btk2vv/66Vq5cqS1btrivqaio0M9//nONHj26gC0tDu+++67++7//210uLS3VMcccU8AWAcgX
AggwDNx3333u42g0qrPPPruArUF33/3ud/X++++7w6+eeeYZrV69Wsccc4wOOuggRSIR7dq1Sy+/
/LI7+Z1j6dKl3MmsADo6OnTooYf2+Zrq6motW7aM+vikvr4+bbn7dVIARg4CCDDEbdu2TQ8//LC7
/KUvfUnjxo0rYIvQXWVlpe6++24tXbpUTz31lKSuOyitWbNGa9as6XGd0aNH6/rrr9dpp53mZ1OR
gTFjxujiiy/WBRdcoNLS0kI3p2h84hOf0KRJk7R9+3aNHTuWm2wAIxgBBBjiVqxYIcuy3OUvf/nL
BWwNelNZWally5bpxRdf1P33368XXnhBpmnu87rJkyfry1/+ss455xxmsB8CQqGQxo8frxkzZmjW
rFk64ogjdNRRRzEpZAGMHj1aP/nJT9TQ0KCxY8dyXRQwghl1dXVc5YWiYVmWLMtSKpVSa2ur5s6d
W+gmFa2amhrFYjEFAgEZhrHP723blmVZMk1TbW1t+vjHP16AVg5ce3u7Nm7cqMbGRiWTSZWXl2vK
lCmaOnVqj//eoez9999XLBZTMBiUYRj7tN+2bdm2LdM01d7erpkzZxaopdlJJpMKh8OFbkZOrV+/
XmVlZQoGg/1uW+3t7Wnz2MBfhmGovLxcoVBIgUCAuxqiqHAGBADyIBaL6eCDDy50M9CHkRY+AGC4
IG4DAAAA8A0BBAAAAIBvCCAAAAAAfEMAAQAAAOAbAggAAAAA3xBAAAAAAPiGAAIAAADANwQQAAAA
AL4hgKBoGYYh27YL3YyiZNt2VrOBU6vCoVbDx0BqhcLh80cxI4CgaBmGoc7OzkI3oyjF4/GsO0rU
qjAGUqt4PJ7HFqE3nZ2dBJBhwrIsPn8UNQIIilYgEFBTU1Ohm1GUWlpaFAhk/vUTCATU3Nycxxah
N83NzdRqmBhIrVAYlmXx+aOo8b8fRSsQCGjXrl0MF/GZbdtqbGzMuqNUX19PrXxm27YaGhqyrlVD
QwO18plt26qvr8+6VnSCC4MAgmLH/34Ule6nvG3b1saNGwvUmuK0ZcuWAa+7adOmHLYE/amtrXUf
ZzJcxPsa77rIv4FuG+FwWKlUKsetQV86OjoUCoXSnmM4FooNAQRFxzAMGYahQCCgUCikxsZGvf/+
+xyxzTPbtvXBBx+opaVFwWAw4w6t8xMKhdTU1KSamhpqlWdOMG9ubt6nVj3Vrfvvg8GgmpubtXHj
RmqVZ7Ztq6amRk1NTQqFQmnbTH+cWoXDYa7b8YFt22pra3O/zwKBQMa1AkYao66ujr0DioZt27Is
S6ZpKpVKKZFIKB6PKx6Py7ZtTZo0SZWVlYrFYuwUcsC2bbW3t6uhoUG7du1SKBRSSUmJIpGIQqGQ
27nt6bO2bdutl1OrRCKhzs5OWZaliRMnUqsc8tZq586dCgQCKikpUTQaVSgUSusw9ba+U6tUKqV4
PO7WasKECRo3bhy1yhGnVrt379aOHTvcWkUiEXfb6qtz62xb3u/Bzs5Otbe3u7XO9CAB+uZ8zslk
UolEQpFIRNFoVNFoNO17sK9tCxiJCCAoKt07tc5OIZlMusumabqvw+A4Y8zD4bDbOQqHwwqHw+5O
t69x0N7AmEwm0+rl1MqyLGqVA96zgk6dnD/7C4vSvp1ab60SiYRSqRS1yhGnVs7ZC2+tvNtWXx1a
y7J63Lacmjm/x+A424xTq1AotM+2xZkQFKNQ/y8BRg7nC97b2XI6RM5zhI/c8XaUnCOrzg430yN+
3vdwauM8R4c2d7wdJW+tvJ3Zvurl/K63WhHsc8v7HdZTrTJd37Zt93vQqVcoFGLbyqHu21ZPwYPw
gWJDAEFRcnYG3ZfpJOWW08nxdpQy7dA66zt/OvXyBhI6SbnjvTbK6SgNZGiI9z28y06tqFdu9FQr
71mqTLct7xlIb63YtnLHG0B6qhdQjAggKDreL3xvJ8nboWXHmxvdO7XZnPnwvgedpPzzdly9tcpm
eEj3Tm1PZz+oV254w333n4FuX4TF/PB+Dzo/2YRFYCQigKAodQ8h7HTzw9sh9e6Evb/LVPf3cMan
U6/c8XaIBjo8pLeas23lVvfPeSAXMXvPMDp/sm3lR2/bFeEDxYoAgqLl3ek6Y58ldrq55v2cB7rD
9a7jBBinU4vc6V4r73ODeR+nTtQrt7rXaTC18oZEtq3cy9W2BYwUBBAUNe8OgJ1B/g32M/Z2aKlX
fuWiVrl6L/QtF58vnWL/8BkDBBBAEjuE4YZ6DR/UavigVgD8wkzoAAAAAHxDAAEAAADgG4ZgAR7e
W7tyEebgdb/9ZC5Rq9yiVsMHtRo+8lkrYDgjgADq2unG43ElEgmlUin3NpQYPGcSwkgkomg0Ouid
sNNBKi8vV2lpqcLhMGPXc8C2bSWTSXV0dKi1tTUnHSa2q/zJx3ZFrfIj17UCRgKjrq6OQxwoaqlU
Su3t7YrH44VuyogXjUZVVlaWNgt9NkzTVCQSUWVlJaEjj2zb1u7du5VIJAZVq7a2NrYrH+Riu6JW
/ohGo4rFYgqFOP6L4kYMR1Fjx+uveDyutra2AR1ddcJHVVUV4SPPDMNQVVWVIpGITNPMen22K385
29VAamVZFrXy0WBqBYwkBBAULdu23SEH8E88HldnZ2dW69i2LcuyVFlZmadWoSeVlZXu9QCZcrYr
OrT+cj7zbK/b6OzspFY+SyQSA6oVMJIQQFCUbNtWKpVix1sgiUQi4yOAtm3LNE2VlZVx5sNnhmGo
vLw8qzNWzrUE8F88Hpdpmhl3bE3T5ABMgcTjcaVSKUIIihYBBEXHubuLaZqcBi+QVCqVUUfJW6tY
LOZT6+AVi8Uy7ig5wZ7tqjCc77RM7mDlbFepVMqn1sErm1oBIxEBBEXHGc7D0afCcWqQ6Wud6z/g
v3A4nNFtWZ3fZztkC7njbCuZfv7UqnCcsE4NUKwIICgqzhe9s6NG4WTTqTVNk+FXBWIYRsadWrar
wsvkqLo3LKJwvNsVIQTFhgCCouPseNn5FlYmnSTnT2pVWJkOE2E4SeF5j6hnEkJQON5JH4FiQwBB
0XG+7OnUFlY2HVp20IWVaYe2v9cg/7LZZqhVYTn7IOqAYkQAQVGhkzR0ZHtrVxSOt0PbUy28v6NW
hcV2NbywT0KxIoCgaPGFDwAoFPZBKGYEEAAAAAC+IYAAAAAA8A0BBAAAAIBvCCAAAAAAfEMAAQAA
AOAbAggAAAAA3xBAAAAAAPgmVOgGAMBIs3PnTr300kv6xz/+oR07digej2vcuHGqrq7WMccco/nz
5ysQ4PgPAKA4EUAAIEfa29v1y1/+UnfffbeSyWSPr7n99tt1yCGH6Oqrr9b8+fN9biEAAIXHITgA
yIE9e/bosssu0y9+8Ytew4dj3bp1Ov/88/X444/71DoAAIYOzoAAwCBZlqUrr7xSf//7393nZs+e
ra9+9auaM2eOotGotm/frieffFK/+c1vZFmWUqmUrrzySk2ZMkWHHnpoAVsPAIC/CCAAMEirVq3S
iy++6C6feOKJuu2221RaWuo+N2XKFB122GE6/vjjdemll0rqCi4//OEP9eCDD8owDN/bDQBAITAE
CwAGacWKFe7j8vJyLVmyJC18eJ1wwgn6j//4D3f5zTff1FtvvZX3NgIAMFQQQABgEBoaGvTSSy+5
y1/84hc1ZcqUPte56KKL0pa9Z08AABjpCCAAMAjvvvtu2vJJJ53U7zpTpkzR3Llz3eW1a9fmvF0A
AAxVBBAAGIRNmzalLc+YMSOj9Q455BD38dtvv53TNgEAMJQRQABgELZv3+4+jsViGjduXEbreYdp
NTU1qbW1NedtAwBgKCKAAMAg7Nmzx308duzYjO9mVVFRkbbc3Nyc03YBADBUEUAAYBDa29vdxyUl
JRmvF41G05Y7Ojpy1iYAAIYyAggADIJpmu7jbObyCAaDvb4PAAAjGQEEAAbBtu0h9T4AAAx1BBAA
AAAAviGAAAAAAPANAQQAhoBsrh8BAGA4I4AAwCB4LyYfzHUcgQBfxwCA4sAeDwAGwTufRzwez3i9
RCKRthwOh3PWJgAAhjICCAAMgjeANDU1Zbxe93k/ysvLc9YmAACGMgIIAAxCZWWl+7ilpSXjELJ9
+3b3cSgU0ujRo3PeNgAAhiICCAAMQnV1ddry1q1bM1qvtrY27T1CoVBO2wUAwFBFAAGAQTjwwAPT
lv/2t7/1u05HR4deeOEFd3n+/Pk5bxcAAEMVAQQABmH//fdPOwvy6KOPKpVK9bnOSy+9pM7OTnf5
6KOPzlv7AAAYagggADAIhmHoi1/8oru8fv16PfTQQ72+vr29XTfddJO7XFpaqhNOOCGvbQRGkmQy
qba2NvcHwPBDAAGAQTr77LM1YcIEd/kHP/iBHn30UVmWlfa6+vp6LV68WJs3b3afu/TSS9PupAWg
b83Nzdq8ebP7M5j5dwAUBlc9AsAgjRkzRjfeeKMuu+wyWZalVCql73znO7rzzju1YMECxWIxbd26
VatXr067/e4RRxyhRYsWFbDlAAD4jwACADlw/PHH65e//KWuuOIKtbe3S5I2btyojRs39vj6k046
SbfccotKS0v9bCYAAAXHECwAyJHjjz9eTz75pBYtWtTrvB7z58/XsmXLdMcddzD5IDAApmm6j4PB
oAzDKGBrAAwEZ0AAIIfGjx+v7373u1q8eLE2btyo+vp6xeNxjRkzRvvtt1/atSIAspdIJNzHJSUl
BWwJgIEigABAHoRCIc2aNUuzZs0qdFOAEcO27bQ7X3EDB2B4YggWAAAYFpqamty7ywUCAQIIMEwR
QAAAwJBnWZbq6+vd5fHjxysUYiAHMBwRQAAAwJCXSqXcC87Ly8s1duzYArcIwEBx6AAAAAx5kUhE
06dPV2Njo8aMGcPdr4BhjAACAACGhUAgoHHjxhW6GQAGiSFYAAAAAHxDAAEAAADgGwIIAAAAAN8Q
QFC0uICxsLL5/A3DkG3beWwNemPbdta1QuFQq+GDzx/FjACComUYhjuhFfyXbUeps7Mzj61Bb+Lx
OGFxmCAsDh+WZfH5o6gRQFC0AoEAAaSAAoHMv34CgYCam5vz2Br0prm5OetaoTAsy6JWw0S2tQJG
Gv73o2gRQAonEAhk3VGqr6/nyLrPbNtWQ0MDndphwrbtrGtFvQqDAIJix/9+FLVQKKSOjo5CN6Oo
pFIphcPhAa27adOmHLcGffnwww8HtF44HFYikchxa9CXeDw+oO0qHA4rlUrloUXoTUdHh0IhpmFD
cSOAoKg4Y24Nw5BhGAoGgzIMQ21tbRxd90E8HlcoFHI/90w5tWpsbNSGDRuoVZ7Ztq2amho1Nze7
tfJuO931tF0Fg0HCvQ9s21Z7e3va91mmnHVCoZDi8XgeWwmpq1ZtbW1ptepruwJGMiI4io7zpR8I
BBQMBhUOh2VZlpqamhSNRhUOh7PekaNntm3LNE0lk0mlUinFYjGFw2G3Bv19xt7XBQIBRSIRNTU1
6bXXXtOkSZNUWVmpWCxGrXLA6cju3r1bO3fuVCAQUGlpqQKBQEb16qlWpmmqpaVFoVCI7SqHvNtV
IpFQNBpVJBLJuFZSer3C4TC1yhNvreLxuCKRiPv5eusFFBsCCIpO9wASCoXcO5KkUinF43GOsOeI
8zmHQiE3fHh3vP2tK+0dp+4cVY9EIkomk6qrq9OWLVu4jidHnO0iFArt00kayHUFTq0Mw1AikXDP
MrJt5YbzGZeUlLi18tYr0xDiPRATi8UUj8fV3t4uy7KoVY44Zzyi0ahCoZB7FpgAgmJGAEFR8XZq
g8FgWofIeY4ObW55OzjhcFihUCjrI7Xe9/C+r2ma+W5+UfEOyXFq1X2oSH/rO+/h3bacYEOHNrec
0OFsW9mGe+8BAm9tnIMyyB3vAS/vtkUIQbEigKAoeTu13mXTNDlKm0Pez9nZ+TqPM+3QSkqrlfO8
aZocpc0x5+h596O0mXSSvLWybXufbcuyLDq1OdT9LO5AOrROWJSUdiCGbSu3vMG8p1oBxYgAgqLj
7Sh5n3M6Sex0c8vpwDqdpWzOfji8HSU6tPnjfLbeWmXboZX2blvejhfbVu51r1U21214X+eETm+t
2LZyyxsYe/ouBIoNAQRFydtRcmZEd47c0knKLe81NwMNHw5vp5gObe55a+X9M9s7K3nX89aKeuVW
b9tVttuWd31qlR+D/R4ERhoCCIqWdxy0s2Ngx5tb3T9j7/JA38e2bbdekqhXDnWv0UA7SN2HY7Ft
5V4+ti3v96DEtpVLPQVEwgeKGQEERc27A3A6t8i9XOxwu9dKooOUDz19zoN5H2qVP7mulfOYWuUH
wQPYiwACaN8j7MidXO9s2XnnTz5rxbaVe/mqF7XKPb63gHQEEKAbdhTDB7UaXqjX8EGtAORT5rNL
AQAAAMAgEUAAAAAA+IYAAgAAAMA3BBAAAAAAviGAAAAAAPANAQQAAACAbwggAAAAAHxDAAEAAADg
GwIIAAAAAN8QQAAAAAD4hgACAAAAwDcEEAAAAAC+IYAAAAAA8A0BBAAAAIBvCCAAAAAAfEMAAQAA
AOAbAggAAAAA3xBAAAAAAPiGAAIAAADANwQQAAAAAL4hgAAAAADwDQEEAAAAgG8IIAAAAAB8QwAB
AAAA4BsCCAAAAADfEEAAAAAA+CZU6AYAAABgX4ZhKBQKyTAMmaYp0zT3eU0oFFIgEJBlWUqlUvv8
PhgMKhgMyrZtJZNJP5q9D8MwFAwGFQgEFAwG+329aZq9/nswMhBAAAAAhqBIJKI9e/Zo+/btmjNn
jmzblmVZ7u/D4bAsy9Jrr72mQw89VKFQKK3THggEFIlEtHbtWn3sYx/TmDFjlEgkfP03hMNhhUIh
tbS0aPPmzfrggw+0Y8eOXl8/ceJEHXjggZo2bZoqKiqUTCYJIiMQAQQAAGAICgQC+uMf/6i33npL
11xzjcaMGZMWQAzD0GuvvaYHH3xQpmnqmGOO2Wf9Xbt26d5779X8+fO1aNEiX9vvBKSnnnpKjz32
mGzbznhdwzB05pln6sQTT1Q4HC7Y2Zti4pwp8/4fCwQC7hk4h2EY7lk3b017Wr+n5yQCCAAAwJBm
27bi8XiPv3M6gT0Nz5KkeDwu27Z9P4sQCoVkWZZ+8YtfaMOGDZKkk08+WQcddJDGjBnT63qNjY3a
sGGDVq1apZUrV+rdd9/V5Zdfvs/ZHeRWNBpVINB1abhlWYrH44pEIu6QOdu2lUgkFAgEFA6H3fUS
iYQsy1I0GpVhGJK6htAlEoke39NBAAEAAEDOGIahcDisp556Shs2bNCMGTO0aNEiVVRUyLKsfY6G
e9ebPHmy5s6dq0996lO65557VFNTo7/+9a9auHChLwEkFAopHA6718z0FuwyEQwG3c56KpUasgEq
FAqpra1NP/zhDyVJS5YsccPH7bffrpqaGl1xxRWaPn26gsGge0brzDPP1MKFC2VZlj744AMtW7ZM
1dXVuuKKKxSJRJRKpXTdddfJtm1dffXVKi0tdT8D7oIFAACAnAkGg2ppadFjjz0mSVq0aJHKy8vV
2dmpRCLhdsa7/ySTSSUSCXV2dqq8vFyLFi2SYRhauXKlWlpaFArl97i5Nzg9/fTTCofDGV0035Ng
MKhIJKIXX3xRTz/9tHszgaHIMAw1NTWppaVFLS0tam5udttaU1Mj27bV2Njovr62tla2bau+vt59
bs+ePbJtWzU1NZK6hm41NzertbVVra2tae+4zWIZAAAHMklEQVQpcQYEAAAAORQIBLR582bZtq2T
Tz5ZFRUV6uzszOo94vG4Ro0apU9+8pNatWqVNm/erNmzZ+epxV2cDvLq1avV2tqq9vZ2fe5zn5Ok
rM6EOOHj4Ycf1qpVqxSLxbRw4UIZhpHVdTB+sSxL++23ny688EKVlJSoqqpKyWRS4XBYV1xxhRob
G3XwwQfLsiwZhqEvfelLmjVrlubPn++e0Tr44IN14YUXusPrksmkqqqqdNlll6mzs1NTp05Nu46H
MyAAAADImWAwqI0bN0qSDjrooF6HXPXHNE3NmDFDklRXV+deT5AvzvU0ixcvVnl5uZ599lk98sgj
WZ0J8YaPZ599VrFYTIsXL3bffyhyrtk47LDDNHv2bHfoWSKR0PTp03XYYYcpEAgolUopHo8rFovp
+OOPVywWc89oBQIBHXbYYZo+fboSiYS7/pw5c3TooYfuM5yNAAIAAICccm61O2bMmAEf9bdtW2PH
jpUkffjhhzlrW18SiYQqKysHFEK6h4+ysjItXrxYVVVVvt/+OFveeVqcoOedv6W355znves7Z5Kc
3ztz0XgRQAAAAJA3gwkgfrMsa0AhpL/wMVTPfkhdF6GbpqkVK1bo4Ycfdi+ej0Qieuqpp3TXXXep
ra3Nfe6dd97RXXfdpXfeeUfhcFjhcFhtbW2666679NRTT7nPhUIhPfzww1qxYoWSyWTaNTwEEAAA
AOBfsg0hwzl8SF1nNXbu3KlXXnlFzz77rLZt2+ae2Xjssce0bt06vfHGG+78Hy+99JLWrVunl156
yX3ujTfe0JtvvqmVK1dK6jr7sW3bNq1atUovv/yy6uvruQgdAAAA6E33EHLrrbfq2WeflaS0C9OH
e/iQus40TZgwQcccc4xKS0s1depUmaapQCCgM844Qzt37tT8+fNl27Zs29aCBQtk27aOPfZYd5LB
+fPnq7a2VlVVVZK6Pr+pU6fqk5/8pNrb21VVVZV2RosAAgAAAHTTXwgJBALuMKPhGj6krjlKIpGI
zj33XEldwSqZTMqyLJ166qmS9k6GaZqm5syZo7lz57pzpViWpVgspvPOO0+S0i44P/vssyXt/Swd
DMECAAAAetDXcKxgMDjsw4fDNE33lrpO273Ltm0rEokoFAq5Zz1s21YoFFIkEtnn9d2Xu9/GmDMg
AAAAGHKGysR9vZ0Jeeedd/TRRx8N+/DhDCP7+9//rtLSUs2ZM0eSFA6H9cEHH+ijjz7K+IYAkydP
VnV1tZLJpCKRiP75z3+qo6NDhx9+uKS986kQQAAAAJBTEydOlCQ1NjZq8uTJA3oPwzC0Z88eSdIB
BxyQs7YNRE8hZCSED6nrgvGtW7fqvvvuk23buvbaa1VZWSnDMLRs2bKs70Z2++23KxQKqb6+Xnfe
eads29akSZM0adIkN4AwBAsAAAA5Y5qmqqurJUkbNmwY8ASC3gkNp06dWvDOffcQMmnSpGEfPqSu
6ztGjx6tsrIylZWVadSoUW7ocOqYKWfiSNu2NWrUKJWVlSkWi6miooKL0AEAAJAflmVp2rRpMgxD
q1at0qc+9SmVl5crHo9n/B7RaFQtLS1atWqVJGnatGlDooPvDSHf+973JGlYhw+p6yL0srIy3Xjj
jZL2XnAeiUR0xRVXZP1+zkXs0Wh0n/d0cAYEAAAAOWOapioqKnTmmWdKku655x61traqtLRUkUjE
naSu+48z0V1paana2tp0zz33yLZtnXnmmaqoqFAqlSrwv6yLE0Js2x724cMRj8eVTCaVSCTcoJBI
JJRIJJRKpTL+SSQSSiaT7ns6y93DJ2dAAAAAkDPO7VlPPPFEvfvuu6qpqdH3v/99nXzyyTrooIM0
evToXtfds2ePPvjgAz377LOybVszZszQwoULh0z4cFiWldUZneGg+52qJKXd1WogeluXAAIAADDE
RaPRHp93rq/o7TqLaDRakLtJpVIphcNhXX755Xruuef02GOP6dlnn3Xn0cjEmWeeqYULF8qyrCEX
QDA4Rl1dXXaXtgMAACDvIpGI9uzZo+3bt2vu3Ln7DPcJhUKyLEtr167V4YcfrkAgkNZRDwQCikaj
evvttzVx4kRVVlb6ftTeGV7V0tKizZs3a9u2baqtre319dOmTdN+++2nadOmucOuCB8jDwEEAABg
iAqHwzIMQ6Zp9jhEJhQKKRAI9HqWIBgMKhgMyrZtpVKprG+pmitOOzO5I5Yz7IfgMXIxBAsAAGCI
ci7o7U1/nfTegovfCBPw4i5YAAAAAHxDAAEAAADgGwIIAAAAAN8QQAAAAAD4hgACAAAAwDcEEAAA
AAC+IYAAAAAA8A0BBAAAAIBvCCAAAAAAfEMAAQAAAOAbAggAAAAA3xBAAAAAAPiGAAIAAADANwQQ
AAAAAL4hgAAAAADwDQEEAAAAgG8IIAAAAAB8QwABAAAA4BsCCAAAAADfEEAAAAAA+Ob/AWslktGC
a4yQAAAAAElFTkSuQmCC
" width="800px"&gt;</msg>
<status status="PASS" starttime="20230831 16:07:11.019" endtime="20230831 16:07:11.973"/>
</kw>
<kw name="Close Application" library="AppiumLibrary">
<doc>Closes the current application and also close webdriver session.</doc>
<status status="PASS" starttime="20230831 16:07:11.973" endtime="20230831 16:07:12.675"/>
</kw>
<status status="PASS" starttime="20230831 16:07:11.019" endtime="20230831 16:07:12.675"/>
</kw>
<doc>POC - Banco BMB  --------
&lt;&lt;&lt;   Y A M A N  &gt;&gt;&gt;      
</doc>
<tag>1</tag>
<tag>CT-001</tag>
<tag>eduardo.azevedo</tag>
<status status="PASS" starttime="20230831 16:05:04.635" endtime="20230831 16:07:12.675"/>
</test>
<status status="PASS" starttime="20230831 16:05:04.086" endtime="20230831 16:07:12.675"/>
</suite>
<statistics>
<total>
<stat pass="1" fail="0" skip="0">All Tests</stat>
</total>
<tag>
<stat pass="1" fail="0" skip="0">1</stat>
<stat pass="1" fail="0" skip="0">CT-001</stat>
<stat pass="1" fail="0" skip="0">eduardo.azevedo</stat>
</tag>
<suite>
<stat pass="1" fail="0" skip="0" id="s1" name="Cadastro">Cadastro</stat>
</suite>
</statistics>
<errors>
</errors>
</robot>
